mode: atomic
github.com/hbollon/go-edlib/v2/internal/impl/edit_distance/damerau/damerau.go:21.62,26.27 2 18
github.com/hbollon/go-edlib/v2/internal/impl/edit_distance/damerau/damerau.go:26.27,27.32 1 0
github.com/hbollon/go-edlib/v2/internal/impl/edit_distance/damerau/damerau.go:27.32,29.4 1 0
github.com/hbollon/go-edlib/v2/internal/impl/edit_distance/damerau/damerau.go:32.2,32.21 1 18
github.com/hbollon/go-edlib/v2/internal/impl/edit_distance/damerau/damerau.go:32.21,34.3 1 0
github.com/hbollon/go-edlib/v2/internal/impl/edit_distance/damerau/damerau.go:36.2,36.15 1 18
github.com/hbollon/go-edlib/v2/internal/impl/edit_distance/damerau/damerau.go:40.65,45.27 2 14
github.com/hbollon/go-edlib/v2/internal/impl/edit_distance/damerau/damerau.go:45.27,46.32 1 0
github.com/hbollon/go-edlib/v2/internal/impl/edit_distance/damerau/damerau.go:46.32,48.4 1 0
github.com/hbollon/go-edlib/v2/internal/impl/edit_distance/damerau/damerau.go:51.2,51.21 1 14
github.com/hbollon/go-edlib/v2/internal/impl/edit_distance/damerau/damerau.go:51.21,53.3 1 0
github.com/hbollon/go-edlib/v2/internal/impl/edit_distance/damerau/damerau.go:55.2,55.15 1 14
github.com/hbollon/go-edlib/v2/internal/impl/edit_distance/damerau/damerau.go:59.50,60.23 1 32
github.com/hbollon/go-edlib/v2/internal/impl/edit_distance/damerau/damerau.go:60.23,63.3 2 1
github.com/hbollon/go-edlib/v2/internal/impl/edit_distance/damerau/damerau.go:65.2,65.14 1 32
github.com/hbollon/go-edlib/v2/internal/impl/edit_distance/damerau/damerau.go:65.14,67.3 1 13
github.com/hbollon/go-edlib/v2/internal/impl/edit_distance/damerau/damerau.go:68.2,68.32 1 19
github.com/hbollon/go-edlib/v2/internal/impl/edit_distance/damerau/damerau.go:72.91,73.9 1 3
github.com/hbollon/go-edlib/v2/internal/impl/edit_distance/damerau/damerau.go:74.20,75.22 1 2
github.com/hbollon/go-edlib/v2/internal/impl/edit_distance/damerau/damerau.go:76.10,77.33 1 1
github.com/hbollon/go-edlib/v2/internal/impl/edit_distance/damerau/damerau.go:82.56,85.18 3 3
github.com/hbollon/go-edlib/v2/internal/impl/edit_distance/damerau/damerau.go:85.18,87.3 1 1
github.com/hbollon/go-edlib/v2/internal/impl/edit_distance/damerau/damerau.go:88.2,88.45 1 2
github.com/hbollon/go-edlib/v2/internal/impl/edit_distance/damerau/damerau.go:92.97,93.9 1 0
github.com/hbollon/go-edlib/v2/internal/impl/edit_distance/damerau/damerau.go:94.20,95.22 1 0
github.com/hbollon/go-edlib/v2/internal/impl/edit_distance/damerau/damerau.go:96.10,97.35 1 0
github.com/hbollon/go-edlib/v2/internal/impl/edit_distance/damerau/damerau.go:102.53,103.23 1 9
github.com/hbollon/go-edlib/v2/internal/impl/edit_distance/damerau/damerau.go:103.23,106.3 2 0
github.com/hbollon/go-edlib/v2/internal/impl/edit_distance/damerau/damerau.go:107.2,107.52 1 9
github.com/hbollon/go-edlib/v2/internal/impl/edit_distance/damerau/damerau.go:111.36,112.14 1 2
github.com/hbollon/go-edlib/v2/internal/impl/edit_distance/damerau/damerau.go:112.14,114.3 1 1
github.com/hbollon/go-edlib/v2/internal/impl/edit_distance/damerau/damerau.go:115.2,115.29 1 1
github.com/hbollon/go-edlib/v2/internal/impl/edit_distance/damerau/damerau.go:119.66,120.14 1 2
github.com/hbollon/go-edlib/v2/internal/impl/edit_distance/damerau/damerau.go:120.14,122.3 1 1
github.com/hbollon/go-edlib/v2/internal/impl/edit_distance/damerau/damerau.go:123.2,123.51 1 1
github.com/hbollon/go-edlib/v2/internal/impl/edit_distance/damerau/damerau.go:127.46,129.2 1 0
github.com/hbollon/go-edlib/v2/internal/impl/edit_distance/damerau/damerau.go:134.58,143.22 5 19
github.com/hbollon/go-edlib/v2/internal/impl/edit_distance/damerau/damerau.go:143.22,145.3 1 1
github.com/hbollon/go-edlib/v2/internal/impl/edit_distance/damerau/damerau.go:145.8,145.29 1 18
github.com/hbollon/go-edlib/v2/internal/impl/edit_distance/damerau/damerau.go:145.29,147.3 1 1
github.com/hbollon/go-edlib/v2/internal/impl/edit_distance/damerau/damerau.go:147.8,147.44 1 17
github.com/hbollon/go-edlib/v2/internal/impl/edit_distance/damerau/damerau.go:147.44,149.3 1 1
github.com/hbollon/go-edlib/v2/internal/impl/edit_distance/damerau/damerau.go:149.8,149.38 1 16
github.com/hbollon/go-edlib/v2/internal/impl/edit_distance/damerau/damerau.go:149.38,151.3 1 6
github.com/hbollon/go-edlib/v2/internal/impl/edit_distance/damerau/damerau.go:154.2,156.27 3 10
github.com/hbollon/go-edlib/v2/internal/impl/edit_distance/damerau/damerau.go:156.27,159.3 2 30
github.com/hbollon/go-edlib/v2/internal/impl/edit_distance/damerau/damerau.go:161.2,161.36 1 10
github.com/hbollon/go-edlib/v2/internal/impl/edit_distance/damerau/damerau.go:161.36,163.3 1 46
github.com/hbollon/go-edlib/v2/internal/impl/edit_distance/damerau/damerau.go:165.2,166.36 2 10
github.com/hbollon/go-edlib/v2/internal/impl/edit_distance/damerau/damerau.go:166.36,168.37 2 47
github.com/hbollon/go-edlib/v2/internal/impl/edit_distance/damerau/damerau.go:168.37,169.38 1 224
github.com/hbollon/go-edlib/v2/internal/impl/edit_distance/damerau/damerau.go:169.38,171.5 1 44
github.com/hbollon/go-edlib/v2/internal/impl/edit_distance/damerau/damerau.go:171.10,173.5 1 180
github.com/hbollon/go-edlib/v2/internal/impl/edit_distance/damerau/damerau.go:175.4,177.90 2 224
github.com/hbollon/go-edlib/v2/internal/impl/edit_distance/damerau/damerau.go:177.90,179.5 1 9
github.com/hbollon/go-edlib/v2/internal/impl/edit_distance/damerau/damerau.go:182.2,182.43 1 10
github.com/hbollon/go-edlib/v2/internal/impl/edit_distance/damerau/damerau.go:186.59,195.22 5 19
github.com/hbollon/go-edlib/v2/internal/impl/edit_distance/damerau/damerau.go:195.22,197.3 1 2
github.com/hbollon/go-edlib/v2/internal/impl/edit_distance/damerau/damerau.go:197.8,197.29 1 17
github.com/hbollon/go-edlib/v2/internal/impl/edit_distance/damerau/damerau.go:197.29,199.3 1 1
github.com/hbollon/go-edlib/v2/internal/impl/edit_distance/damerau/damerau.go:199.8,199.44 1 16
github.com/hbollon/go-edlib/v2/internal/impl/edit_distance/damerau/damerau.go:199.44,201.3 1 3
github.com/hbollon/go-edlib/v2/internal/impl/edit_distance/damerau/damerau.go:204.2,205.35 2 13
github.com/hbollon/go-edlib/v2/internal/impl/edit_distance/damerau/damerau.go:205.35,207.3 1 51
github.com/hbollon/go-edlib/v2/internal/impl/edit_distance/damerau/damerau.go:208.2,208.35 1 13
github.com/hbollon/go-edlib/v2/internal/impl/edit_distance/damerau/damerau.go:208.35,210.3 1 58
github.com/hbollon/go-edlib/v2/internal/impl/edit_distance/damerau/damerau.go:213.2,214.38 2 13
github.com/hbollon/go-edlib/v2/internal/impl/edit_distance/damerau/damerau.go:214.38,216.39 2 77
github.com/hbollon/go-edlib/v2/internal/impl/edit_distance/damerau/damerau.go:216.39,218.4 1 553
github.com/hbollon/go-edlib/v2/internal/impl/edit_distance/damerau/damerau.go:222.2,226.36 3 13
github.com/hbollon/go-edlib/v2/internal/impl/edit_distance/damerau/damerau.go:226.36,229.3 2 64
github.com/hbollon/go-edlib/v2/internal/impl/edit_distance/damerau/damerau.go:230.2,230.36 1 13
github.com/hbollon/go-edlib/v2/internal/impl/edit_distance/damerau/damerau.go:230.36,233.3 2 71
github.com/hbollon/go-edlib/v2/internal/impl/edit_distance/damerau/damerau.go:236.2,237.36 2 13
github.com/hbollon/go-edlib/v2/internal/impl/edit_distance/damerau/damerau.go:237.36,239.37 2 51
github.com/hbollon/go-edlib/v2/internal/impl/edit_distance/damerau/damerau.go:239.37,242.38 3 283
github.com/hbollon/go-edlib/v2/internal/impl/edit_distance/damerau/damerau.go:242.38,245.5 2 56
github.com/hbollon/go-edlib/v2/internal/impl/edit_distance/damerau/damerau.go:245.10,247.5 1 227
github.com/hbollon/go-edlib/v2/internal/impl/edit_distance/damerau/damerau.go:249.4,255.42 1 283
github.com/hbollon/go-edlib/v2/internal/impl/edit_distance/damerau/damerau.go:258.3,258.24 1 51
github.com/hbollon/go-edlib/v2/internal/impl/edit_distance/damerau/damerau.go:261.2,261.45 1 13
github.com/hbollon/go-edlib/v2/internal/impl/edit_distance/damerau/damerau.go:265.55,268.2 2 1
github.com/hbollon/go-edlib/v2/internal/impl/edit_distance/damerau/damerau.go:271.54,273.27 2 0
github.com/hbollon/go-edlib/v2/internal/impl/edit_distance/damerau/damerau.go:273.27,275.3 1 0
github.com/hbollon/go-edlib/v2/internal/impl/edit_distance/damerau/damerau.go:276.2,276.12 1 0
github.com/hbollon/go-edlib/v2/internal/impl/edit_distance/damerau/damerau.go:280.65,282.2 1 0
github.com/hbollon/go-edlib/v2/internal/impl/edit_distance/damerau/factory.go:12.92,14.2 1 0
github.com/hbollon/go-edlib/v2/internal/impl/edit_distance/damerau/factory.go:17.52,19.2 1 1
github.com/hbollon/go-edlib/v2/internal/impl/edit_distance/damerau/factory.go:22.63,24.2 1 0
github.com/hbollon/go-edlib/v2/internal/impl/edit_distance/damerau/factory.go:32.95,34.2 1 0
github.com/hbollon/go-edlib/v2/internal/impl/edit_distance/damerau/factory.go:37.55,39.2 1 1
github.com/hbollon/go-edlib/v2/internal/impl/edit_distance/damerau/factory.go:42.66,44.2 1 0
github.com/hbollon/go-edlib/v2/internal/impl/edit_distance/damerau/factory.go:48.13,49.50 1 1
github.com/hbollon/go-edlib/v2/internal/impl/edit_distance/damerau/factory.go:49.50,50.13 1 0
github.com/hbollon/go-edlib/v2/internal/impl/edit_distance/damerau/factory.go:52.2,52.53 1 1
github.com/hbollon/go-edlib/v2/internal/impl/edit_distance/damerau/factory.go:52.53,53.13 1 0
github.com/hbollon/go-edlib/v2/internal/impl/edit_distance/hamming/factory.go:12.92,14.2 1 0
github.com/hbollon/go-edlib/v2/internal/impl/edit_distance/hamming/factory.go:17.52,19.2 1 1
github.com/hbollon/go-edlib/v2/internal/impl/edit_distance/hamming/factory.go:22.63,24.2 1 0
github.com/hbollon/go-edlib/v2/internal/impl/edit_distance/hamming/factory.go:30.13,31.50 1 1
github.com/hbollon/go-edlib/v2/internal/impl/edit_distance/hamming/factory.go:31.50,32.13 1 0
github.com/hbollon/go-edlib/v2/internal/impl/edit_distance/hamming/hamming.go:22.62,29.27 2 5
github.com/hbollon/go-edlib/v2/internal/impl/edit_distance/hamming/hamming.go:29.27,30.32 1 0
github.com/hbollon/go-edlib/v2/internal/impl/edit_distance/hamming/hamming.go:30.32,32.4 1 0
github.com/hbollon/go-edlib/v2/internal/impl/edit_distance/hamming/hamming.go:35.2,35.15 1 5
github.com/hbollon/go-edlib/v2/internal/impl/edit_distance/hamming/hamming.go:40.50,42.23 1 13
github.com/hbollon/go-edlib/v2/internal/impl/edit_distance/hamming/hamming.go:42.23,45.3 2 3
github.com/hbollon/go-edlib/v2/internal/impl/edit_distance/hamming/hamming.go:48.2,51.24 2 13
github.com/hbollon/go-edlib/v2/internal/impl/edit_distance/hamming/hamming.go:51.24,55.3 1 0
github.com/hbollon/go-edlib/v2/internal/impl/edit_distance/hamming/hamming.go:58.2,58.25 1 13
github.com/hbollon/go-edlib/v2/internal/impl/edit_distance/hamming/hamming.go:58.25,60.3 1 4
github.com/hbollon/go-edlib/v2/internal/impl/edit_distance/hamming/hamming.go:63.2,64.31 2 9
github.com/hbollon/go-edlib/v2/internal/impl/edit_distance/hamming/hamming.go:64.31,65.21 1 32
github.com/hbollon/go-edlib/v2/internal/impl/edit_distance/hamming/hamming.go:65.21,67.4 1 21
github.com/hbollon/go-edlib/v2/internal/impl/edit_distance/hamming/hamming.go:70.2,70.17 1 9
github.com/hbollon/go-edlib/v2/internal/impl/edit_distance/hamming/hamming.go:75.91,77.9 1 6
github.com/hbollon/go-edlib/v2/internal/impl/edit_distance/hamming/hamming.go:78.20,79.22 1 2
github.com/hbollon/go-edlib/v2/internal/impl/edit_distance/hamming/hamming.go:80.10,80.10 0 4
github.com/hbollon/go-edlib/v2/internal/impl/edit_distance/hamming/hamming.go:84.2,84.23 1 4
github.com/hbollon/go-edlib/v2/internal/impl/edit_distance/hamming/hamming.go:84.23,87.3 2 0
github.com/hbollon/go-edlib/v2/internal/impl/edit_distance/hamming/hamming.go:90.2,93.24 2 4
github.com/hbollon/go-edlib/v2/internal/impl/edit_distance/hamming/hamming.go:93.24,95.3 1 3
github.com/hbollon/go-edlib/v2/internal/impl/edit_distance/hamming/hamming.go:98.2,98.25 1 1
github.com/hbollon/go-edlib/v2/internal/impl/edit_distance/hamming/hamming.go:98.25,100.3 1 0
github.com/hbollon/go-edlib/v2/internal/impl/edit_distance/hamming/hamming.go:103.2,104.31 2 1
github.com/hbollon/go-edlib/v2/internal/impl/edit_distance/hamming/hamming.go:104.31,105.21 1 5
github.com/hbollon/go-edlib/v2/internal/impl/edit_distance/hamming/hamming.go:105.21,107.4 1 1
github.com/hbollon/go-edlib/v2/internal/impl/edit_distance/hamming/hamming.go:110.2,110.9 1 1
github.com/hbollon/go-edlib/v2/internal/impl/edit_distance/hamming/hamming.go:111.20,112.22 1 0
github.com/hbollon/go-edlib/v2/internal/impl/edit_distance/hamming/hamming.go:113.10,114.23 1 1
github.com/hbollon/go-edlib/v2/internal/impl/edit_distance/hamming/hamming.go:119.56,123.18 3 4
github.com/hbollon/go-edlib/v2/internal/impl/edit_distance/hamming/hamming.go:123.18,125.3 1 0
github.com/hbollon/go-edlib/v2/internal/impl/edit_distance/hamming/hamming.go:127.2,128.49 2 4
github.com/hbollon/go-edlib/v2/internal/impl/edit_distance/hamming/hamming.go:132.97,134.16 2 0
github.com/hbollon/go-edlib/v2/internal/impl/edit_distance/hamming/hamming.go:134.16,136.3 1 0
github.com/hbollon/go-edlib/v2/internal/impl/edit_distance/hamming/hamming.go:138.2,139.18 2 0
github.com/hbollon/go-edlib/v2/internal/impl/edit_distance/hamming/hamming.go:139.18,141.3 1 0
github.com/hbollon/go-edlib/v2/internal/impl/edit_distance/hamming/hamming.go:143.2,144.54 2 0
github.com/hbollon/go-edlib/v2/internal/impl/edit_distance/hamming/hamming.go:149.53,153.18 2 7
github.com/hbollon/go-edlib/v2/internal/impl/edit_distance/hamming/hamming.go:153.18,155.3 1 6
github.com/hbollon/go-edlib/v2/internal/impl/edit_distance/hamming/hamming.go:158.2,158.30 1 1
github.com/hbollon/go-edlib/v2/internal/impl/edit_distance/hamming/hamming.go:162.36,164.2 1 1
github.com/hbollon/go-edlib/v2/internal/impl/edit_distance/hamming/hamming.go:167.66,169.2 1 1
github.com/hbollon/go-edlib/v2/internal/impl/sequence/lcs/factory.go:12.92,14.2 1 0
github.com/hbollon/go-edlib/v2/internal/impl/sequence/lcs/factory.go:17.52,19.2 1 1
github.com/hbollon/go-edlib/v2/internal/impl/sequence/lcs/factory.go:22.63,24.2 1 0
github.com/hbollon/go-edlib/v2/internal/impl/sequence/lcs/factory.go:28.13,29.50 1 1
github.com/hbollon/go-edlib/v2/internal/impl/sequence/lcs/factory.go:29.50,30.13 1 0
github.com/hbollon/go-edlib/v2/internal/impl/sequence/lcs/lcs.go:22.62,25.27 2 46
github.com/hbollon/go-edlib/v2/internal/impl/sequence/lcs/lcs.go:25.27,26.32 1 0
github.com/hbollon/go-edlib/v2/internal/impl/sequence/lcs/lcs.go:26.32,28.4 1 0
github.com/hbollon/go-edlib/v2/internal/impl/sequence/lcs/lcs.go:31.2,31.21 1 46
github.com/hbollon/go-edlib/v2/internal/impl/sequence/lcs/lcs.go:31.21,33.3 1 0
github.com/hbollon/go-edlib/v2/internal/impl/sequence/lcs/lcs.go:35.2,35.15 1 46
github.com/hbollon/go-edlib/v2/internal/impl/sequence/lcs/lcs.go:39.50,40.23 1 13
github.com/hbollon/go-edlib/v2/internal/impl/sequence/lcs/lcs.go:40.23,43.3 2 1
github.com/hbollon/go-edlib/v2/internal/impl/sequence/lcs/lcs.go:45.2,45.31 1 13
github.com/hbollon/go-edlib/v2/internal/impl/sequence/lcs/lcs.go:49.91,50.9 1 3
github.com/hbollon/go-edlib/v2/internal/impl/sequence/lcs/lcs.go:51.20,52.22 1 2
github.com/hbollon/go-edlib/v2/internal/impl/sequence/lcs/lcs.go:53.10,54.33 1 1
github.com/hbollon/go-edlib/v2/internal/impl/sequence/lcs/lcs.go:59.56,62.17 3 3
github.com/hbollon/go-edlib/v2/internal/impl/sequence/lcs/lcs.go:62.17,64.3 1 1
github.com/hbollon/go-edlib/v2/internal/impl/sequence/lcs/lcs.go:65.2,65.39 1 2
github.com/hbollon/go-edlib/v2/internal/impl/sequence/lcs/lcs.go:69.97,70.9 1 0
github.com/hbollon/go-edlib/v2/internal/impl/sequence/lcs/lcs.go:71.20,72.22 1 0
github.com/hbollon/go-edlib/v2/internal/impl/sequence/lcs/lcs.go:73.10,74.35 1 0
github.com/hbollon/go-edlib/v2/internal/impl/sequence/lcs/lcs.go:79.53,80.23 1 3
github.com/hbollon/go-edlib/v2/internal/impl/sequence/lcs/lcs.go:80.23,83.3 2 0
github.com/hbollon/go-edlib/v2/internal/impl/sequence/lcs/lcs.go:84.2,84.52 1 3
github.com/hbollon/go-edlib/v2/internal/impl/sequence/lcs/lcs.go:88.36,90.2 1 1
github.com/hbollon/go-edlib/v2/internal/impl/sequence/lcs/lcs.go:93.66,95.2 1 1
github.com/hbollon/go-edlib/v2/internal/impl/sequence/lcs/lcs.go:98.46,100.2 1 0
github.com/hbollon/go-edlib/v2/internal/impl/sequence/lcs/lcs.go:103.58,107.46 3 21
github.com/hbollon/go-edlib/v2/internal/impl/sequence/lcs/lcs.go:107.46,109.3 1 3
github.com/hbollon/go-edlib/v2/internal/impl/sequence/lcs/lcs.go:109.8,109.44 1 18
github.com/hbollon/go-edlib/v2/internal/impl/sequence/lcs/lcs.go:109.44,111.3 1 3
github.com/hbollon/go-edlib/v2/internal/impl/sequence/lcs/lcs.go:113.2,114.48 2 15
github.com/hbollon/go-edlib/v2/internal/impl/sequence/lcs/lcs.go:118.68,120.38 2 30
github.com/hbollon/go-edlib/v2/internal/impl/sequence/lcs/lcs.go:120.38,122.3 1 205
github.com/hbollon/go-edlib/v2/internal/impl/sequence/lcs/lcs.go:124.2,124.38 1 30
github.com/hbollon/go-edlib/v2/internal/impl/sequence/lcs/lcs.go:124.38,125.39 1 175
github.com/hbollon/go-edlib/v2/internal/impl/sequence/lcs/lcs.go:125.39,126.38 1 1222
github.com/hbollon/go-edlib/v2/internal/impl/sequence/lcs/lcs.go:126.38,128.5 1 163
github.com/hbollon/go-edlib/v2/internal/impl/sequence/lcs/lcs.go:128.10,130.5 1 1059
github.com/hbollon/go-edlib/v2/internal/impl/sequence/lcs/lcs.go:134.2,134.18 1 30
github.com/hbollon/go-edlib/v2/internal/impl/sequence/lcs/lcs.go:138.67,139.23 1 8
github.com/hbollon/go-edlib/v2/internal/impl/sequence/lcs/lcs.go:139.23,142.3 2 0
github.com/hbollon/go-edlib/v2/internal/impl/sequence/lcs/lcs.go:144.2,147.46 3 8
github.com/hbollon/go-edlib/v2/internal/impl/sequence/lcs/lcs.go:147.46,149.3 1 2
github.com/hbollon/go-edlib/v2/internal/impl/sequence/lcs/lcs.go:149.8,149.44 1 6
github.com/hbollon/go-edlib/v2/internal/impl/sequence/lcs/lcs.go:149.44,151.3 1 1
github.com/hbollon/go-edlib/v2/internal/impl/sequence/lcs/lcs.go:153.2,154.85 2 5
github.com/hbollon/go-edlib/v2/internal/impl/sequence/lcs/lcs.go:157.94,161.22 3 43
github.com/hbollon/go-edlib/v2/internal/impl/sequence/lcs/lcs.go:161.22,163.3 1 5
github.com/hbollon/go-edlib/v2/internal/impl/sequence/lcs/lcs.go:163.8,163.43 1 38
github.com/hbollon/go-edlib/v2/internal/impl/sequence/lcs/lcs.go:163.43,165.3 1 16
github.com/hbollon/go-edlib/v2/internal/impl/sequence/lcs/lcs.go:165.8,165.50 1 22
github.com/hbollon/go-edlib/v2/internal/impl/sequence/lcs/lcs.go:165.50,167.3 1 13
github.com/hbollon/go-edlib/v2/internal/impl/sequence/lcs/lcs.go:169.2,169.58 1 9
github.com/hbollon/go-edlib/v2/internal/impl/sequence/lcs/lcs.go:173.72,174.23 1 11
github.com/hbollon/go-edlib/v2/internal/impl/sequence/lcs/lcs.go:174.23,177.3 2 0
github.com/hbollon/go-edlib/v2/internal/impl/sequence/lcs/lcs.go:179.2,182.46 3 11
github.com/hbollon/go-edlib/v2/internal/impl/sequence/lcs/lcs.go:182.46,184.3 1 2
github.com/hbollon/go-edlib/v2/internal/impl/sequence/lcs/lcs.go:184.8,184.44 1 9
github.com/hbollon/go-edlib/v2/internal/impl/sequence/lcs/lcs.go:184.44,186.3 1 1
github.com/hbollon/go-edlib/v2/internal/impl/sequence/lcs/lcs.go:188.2,189.98 2 8
github.com/hbollon/go-edlib/v2/internal/impl/sequence/lcs/lcs.go:192.110,198.22 4 361
github.com/hbollon/go-edlib/v2/internal/impl/sequence/lcs/lcs.go:198.22,200.3 1 91
github.com/hbollon/go-edlib/v2/internal/impl/sequence/lcs/lcs.go:200.8,200.43 1 270
github.com/hbollon/go-edlib/v2/internal/impl/sequence/lcs/lcs.go:200.43,201.75 1 127
github.com/hbollon/go-edlib/v2/internal/impl/sequence/lcs/lcs.go:201.75,203.4 1 179
github.com/hbollon/go-edlib/v2/internal/impl/sequence/lcs/lcs.go:204.8,205.45 1 143
github.com/hbollon/go-edlib/v2/internal/impl/sequence/lcs/lcs.go:205.45,207.4 1 114
github.com/hbollon/go-edlib/v2/internal/impl/sequence/lcs/lcs.go:208.3,208.45 1 143
github.com/hbollon/go-edlib/v2/internal/impl/sequence/lcs/lcs.go:208.45,210.4 1 112
github.com/hbollon/go-edlib/v2/internal/impl/sequence/lcs/lcs.go:213.2,213.19 1 361
github.com/hbollon/go-edlib/v2/internal/impl/sequence/lcs/lcs.go:217.64,218.23 1 5
github.com/hbollon/go-edlib/v2/internal/impl/sequence/lcs/lcs.go:218.23,221.3 2 0
github.com/hbollon/go-edlib/v2/internal/impl/sequence/lcs/lcs.go:223.2,226.46 3 5
github.com/hbollon/go-edlib/v2/internal/impl/sequence/lcs/lcs.go:226.46,228.3 1 2
github.com/hbollon/go-edlib/v2/internal/impl/sequence/lcs/lcs.go:228.8,228.44 1 3
github.com/hbollon/go-edlib/v2/internal/impl/sequence/lcs/lcs.go:228.44,230.3 1 1
github.com/hbollon/go-edlib/v2/internal/impl/sequence/lcs/lcs.go:232.2,233.80 2 2
github.com/hbollon/go-edlib/v2/internal/impl/sequence/lcs/lcs.go:236.91,242.54 4 27
github.com/hbollon/go-edlib/v2/internal/impl/sequence/lcs/lcs.go:242.54,247.3 4 8
github.com/hbollon/go-edlib/v2/internal/impl/sequence/lcs/lcs.go:247.8,247.71 1 19
github.com/hbollon/go-edlib/v2/internal/impl/sequence/lcs/lcs.go:247.71,252.3 4 8
github.com/hbollon/go-edlib/v2/internal/impl/sequence/lcs/lcs.go:252.8,252.72 1 11
github.com/hbollon/go-edlib/v2/internal/impl/sequence/lcs/lcs.go:252.72,257.3 4 9
github.com/hbollon/go-edlib/v2/internal/impl/sequence/lcs/lcs.go:259.2,259.13 1 2
github.com/hbollon/go-edlib/v2/internal/impl/sequence/lcs/lcs.go:264.58,265.23 1 11
github.com/hbollon/go-edlib/v2/internal/impl/sequence/lcs/lcs.go:265.23,268.3 2 0
github.com/hbollon/go-edlib/v2/internal/impl/sequence/lcs/lcs.go:270.2,273.24 3 11
github.com/hbollon/go-edlib/v2/internal/impl/sequence/lcs/lcs.go:273.24,275.3 1 1
github.com/hbollon/go-edlib/v2/internal/impl/sequence/lcs/lcs.go:275.8,275.31 1 10
github.com/hbollon/go-edlib/v2/internal/impl/sequence/lcs/lcs.go:275.31,277.3 1 1
github.com/hbollon/go-edlib/v2/internal/impl/sequence/lcs/lcs.go:277.8,277.25 1 9
github.com/hbollon/go-edlib/v2/internal/impl/sequence/lcs/lcs.go:277.25,279.3 1 1
github.com/hbollon/go-edlib/v2/internal/impl/sequence/lcs/lcs.go:281.2,282.54 2 8
github.com/hbollon/go-edlib/v2/internal/impl/sequence/lcs/lcs.go:286.55,289.2 2 1
github.com/hbollon/go-edlib/v2/internal/impl/sequence/lcs/lcs.go:292.54,294.27 2 0
github.com/hbollon/go-edlib/v2/internal/impl/sequence/lcs/lcs.go:294.27,296.3 1 0
github.com/hbollon/go-edlib/v2/internal/impl/sequence/lcs/lcs.go:297.2,297.12 1 0
github.com/hbollon/go-edlib/v2/internal/impl/sequence/lcs/lcs.go:301.65,304.2 2 0
github.com/hbollon/go-edlib/v2/internal/core/interfaces.go:91.56,92.34 1 0
github.com/hbollon/go-edlib/v2/internal/core/interfaces.go:92.34,93.45 1 0
github.com/hbollon/go-edlib/v2/internal/core/interfaces.go:93.45,96.4 2 0
github.com/hbollon/go-edlib/v2/internal/core/interfaces.go:97.3,97.13 1 0
github.com/hbollon/go-edlib/v2/internal/core/interfaces.go:101.40,102.34 1 0
github.com/hbollon/go-edlib/v2/internal/core/interfaces.go:102.34,103.45 1 0
github.com/hbollon/go-edlib/v2/internal/core/interfaces.go:103.45,106.4 2 0
github.com/hbollon/go-edlib/v2/internal/core/interfaces.go:107.3,107.13 1 0
github.com/hbollon/go-edlib/v2/internal/core/interfaces.go:111.46,112.34 1 0
github.com/hbollon/go-edlib/v2/internal/core/interfaces.go:112.34,113.45 1 0
github.com/hbollon/go-edlib/v2/internal/core/interfaces.go:113.45,116.4 2 0
github.com/hbollon/go-edlib/v2/internal/core/interfaces.go:117.3,117.13 1 0
github.com/hbollon/go-edlib/v2/internal/core/interfaces.go:121.52,122.34 1 0
github.com/hbollon/go-edlib/v2/internal/core/interfaces.go:122.34,123.45 1 0
github.com/hbollon/go-edlib/v2/internal/core/interfaces.go:123.45,126.4 2 0
github.com/hbollon/go-edlib/v2/internal/core/interfaces.go:127.3,127.13 1 0
github.com/hbollon/go-edlib/v2/internal/core/interfaces.go:131.45,132.34 1 0
github.com/hbollon/go-edlib/v2/internal/core/interfaces.go:132.34,138.50 2 0
github.com/hbollon/go-edlib/v2/internal/core/interfaces.go:138.50,140.4 1 0
github.com/hbollon/go-edlib/v2/internal/core/interfaces.go:141.3,141.13 1 0
github.com/hbollon/go-edlib/v2/internal/core/interfaces.go:145.56,146.34 1 0
github.com/hbollon/go-edlib/v2/internal/core/interfaces.go:146.34,149.3 1 0
github.com/hbollon/go-edlib/v2/internal/core/interfaces.go:152.37,153.34 1 0
github.com/hbollon/go-edlib/v2/internal/core/interfaces.go:153.34,158.42 2 0
github.com/hbollon/go-edlib/v2/internal/core/interfaces.go:158.42,160.4 1 0
github.com/hbollon/go-edlib/v2/internal/core/interfaces.go:161.3,161.13 1 0
github.com/hbollon/go-edlib/v2/internal/core/metrics.go:26.28,35.2 3 0
github.com/hbollon/go-edlib/v2/internal/core/metrics.go:38.26,46.36 6 0
github.com/hbollon/go-edlib/v2/internal/core/metrics.go:46.36,48.3 1 0
github.com/hbollon/go-edlib/v2/internal/core/metrics.go:48.8,50.3 1 0
github.com/hbollon/go-edlib/v2/internal/core/metrics.go:54.48,56.2 1 0
github.com/hbollon/go-edlib/v2/internal/core/metrics.go:59.36,61.2 1 0
github.com/hbollon/go-edlib/v2/internal/core/metrics.go:64.37,66.2 1 0
github.com/hbollon/go-edlib/v2/internal/core/metrics.go:69.35,71.2 1 0
github.com/hbollon/go-edlib/v2/internal/core/metrics.go:74.36,76.2 1 0
github.com/hbollon/go-edlib/v2/internal/core/metrics.go:79.37,81.2 1 0
github.com/hbollon/go-edlib/v2/internal/core/metrics.go:84.42,86.16 2 0
github.com/hbollon/go-edlib/v2/internal/core/metrics.go:86.16,88.3 1 0
github.com/hbollon/go-edlib/v2/internal/core/metrics.go:89.2,89.46 1 0
github.com/hbollon/go-edlib/v2/internal/core/metrics.go:93.41,95.16 2 0
github.com/hbollon/go-edlib/v2/internal/core/metrics.go:95.16,97.3 1 0
github.com/hbollon/go-edlib/v2/internal/core/metrics.go:98.2,98.45 1 0
github.com/hbollon/go-edlib/v2/internal/core/pool.go:20.50,21.23 1 13
github.com/hbollon/go-edlib/v2/internal/core/pool.go:21.23,23.3 1 2
github.com/hbollon/go-edlib/v2/internal/core/pool.go:25.2,28.28 1 13
github.com/hbollon/go-edlib/v2/internal/core/pool.go:28.28,30.5 1 280
github.com/hbollon/go-edlib/v2/internal/core/pool.go:33.28,35.5 1 2
github.com/hbollon/go-edlib/v2/internal/core/pool.go:38.28,40.5 1 2
github.com/hbollon/go-edlib/v2/internal/core/pool.go:43.28,45.5 1 1
github.com/hbollon/go-edlib/v2/internal/core/pool.go:56.40,57.27 1 2
github.com/hbollon/go-edlib/v2/internal/core/pool.go:57.27,59.3 1 1
github.com/hbollon/go-edlib/v2/internal/core/pool.go:60.2,60.19 1 2
github.com/hbollon/go-edlib/v2/internal/core/pool.go:64.54,65.31 1 1013
github.com/hbollon/go-edlib/v2/internal/core/pool.go:65.31,68.3 2 2
github.com/hbollon/go-edlib/v2/internal/core/pool.go:70.2,72.27 2 1011
github.com/hbollon/go-edlib/v2/internal/core/pool.go:72.27,75.3 2 282
github.com/hbollon/go-edlib/v2/internal/core/pool.go:77.2,78.25 2 729
github.com/hbollon/go-edlib/v2/internal/core/pool.go:82.47,83.34 1 1012
github.com/hbollon/go-edlib/v2/internal/core/pool.go:83.34,85.24 1 1011
github.com/hbollon/go-edlib/v2/internal/core/pool.go:85.24,87.4 1 52470
github.com/hbollon/go-edlib/v2/internal/core/pool.go:88.3,88.32 1 1011
github.com/hbollon/go-edlib/v2/internal/core/pool.go:93.60,94.52 1 6
github.com/hbollon/go-edlib/v2/internal/core/pool.go:94.52,97.25 3 0
github.com/hbollon/go-edlib/v2/internal/core/pool.go:97.25,99.4 1 0
github.com/hbollon/go-edlib/v2/internal/core/pool.go:100.3,100.16 1 0
github.com/hbollon/go-edlib/v2/internal/core/pool.go:103.2,105.23 2 6
github.com/hbollon/go-edlib/v2/internal/core/pool.go:105.23,108.25 3 4
github.com/hbollon/go-edlib/v2/internal/core/pool.go:108.25,110.4 1 75
github.com/hbollon/go-edlib/v2/internal/core/pool.go:111.3,111.16 1 4
github.com/hbollon/go-edlib/v2/internal/core/pool.go:114.2,116.23 3 2
github.com/hbollon/go-edlib/v2/internal/core/pool.go:116.23,117.27 1 55
github.com/hbollon/go-edlib/v2/internal/core/pool.go:117.27,119.4 1 0
github.com/hbollon/go-edlib/v2/internal/core/pool.go:119.9,121.4 1 55
github.com/hbollon/go-edlib/v2/internal/core/pool.go:124.2,124.14 1 2
github.com/hbollon/go-edlib/v2/internal/core/pool.go:128.51,129.34 1 6
github.com/hbollon/go-edlib/v2/internal/core/pool.go:129.34,131.24 1 6
github.com/hbollon/go-edlib/v2/internal/core/pool.go:131.24,132.39 1 130
github.com/hbollon/go-edlib/v2/internal/core/pool.go:132.39,133.29 1 130
github.com/hbollon/go-edlib/v2/internal/core/pool.go:133.29,135.6 1 10450
github.com/hbollon/go-edlib/v2/internal/core/pool.go:138.3,138.34 1 6
github.com/hbollon/go-edlib/v2/internal/core/pool.go:143.56,144.31 1 4
github.com/hbollon/go-edlib/v2/internal/core/pool.go:144.31,147.3 2 0
github.com/hbollon/go-edlib/v2/internal/core/pool.go:149.2,151.27 2 4
github.com/hbollon/go-edlib/v2/internal/core/pool.go:151.27,154.3 2 3
github.com/hbollon/go-edlib/v2/internal/core/pool.go:156.2,157.25 2 1
github.com/hbollon/go-edlib/v2/internal/core/pool.go:161.49,162.34 1 4
github.com/hbollon/go-edlib/v2/internal/core/pool.go:162.34,164.24 1 4
github.com/hbollon/go-edlib/v2/internal/core/pool.go:164.24,166.4 1 220
github.com/hbollon/go-edlib/v2/internal/core/pool.go:167.3,167.33 1 4
github.com/hbollon/go-edlib/v2/internal/core/pool.go:172.56,173.31 1 4
github.com/hbollon/go-edlib/v2/internal/core/pool.go:173.31,176.3 2 0
github.com/hbollon/go-edlib/v2/internal/core/pool.go:178.2,180.27 2 4
github.com/hbollon/go-edlib/v2/internal/core/pool.go:180.27,183.3 2 2
github.com/hbollon/go-edlib/v2/internal/core/pool.go:185.2,186.25 2 2
github.com/hbollon/go-edlib/v2/internal/core/pool.go:190.49,191.34 1 4
github.com/hbollon/go-edlib/v2/internal/core/pool.go:191.34,193.24 1 4
github.com/hbollon/go-edlib/v2/internal/core/pool.go:193.24,195.4 1 220
github.com/hbollon/go-edlib/v2/internal/core/pool.go:196.3,196.33 1 4
github.com/hbollon/go-edlib/v2/internal/core/pool.go:201.34,205.2 3 734
github.com/hbollon/go-edlib/v2/internal/core/pool.go:208.35,212.2 3 293
github.com/hbollon/go-edlib/v2/internal/core/pool.go:215.51,219.2 3 8
github.com/hbollon/go-edlib/v2/internal/core/pool.go:222.40,227.16 4 2
github.com/hbollon/go-edlib/v2/internal/core/pool.go:227.16,229.3 1 1
github.com/hbollon/go-edlib/v2/internal/core/pool.go:230.2,230.41 1 1
github.com/hbollon/go-edlib/v2/internal/core/pool.go:234.30,239.2 4 1
github.com/hbollon/go-edlib/v2/internal/core/registry.go:34.36,35.31 1 0
github.com/hbollon/go-edlib/v2/internal/core/registry.go:35.31,37.3 1 0
github.com/hbollon/go-edlib/v2/internal/core/registry.go:38.2,38.23 1 0
github.com/hbollon/go-edlib/v2/internal/core/registry.go:42.30,46.2 1 0
github.com/hbollon/go-edlib/v2/internal/core/registry.go:49.61,50.20 1 0
github.com/hbollon/go-edlib/v2/internal/core/registry.go:50.20,52.3 1 0
github.com/hbollon/go-edlib/v2/internal/core/registry.go:54.2,55.21 2 0
github.com/hbollon/go-edlib/v2/internal/core/registry.go:55.21,57.3 1 0
github.com/hbollon/go-edlib/v2/internal/core/registry.go:59.2,62.44 3 0
github.com/hbollon/go-edlib/v2/internal/core/registry.go:62.44,64.3 1 0
github.com/hbollon/go-edlib/v2/internal/core/registry.go:66.2,67.12 2 0
github.com/hbollon/go-edlib/v2/internal/core/registry.go:71.58,75.2 3 0
github.com/hbollon/go-edlib/v2/internal/core/registry.go:78.77,83.13 4 0
github.com/hbollon/go-edlib/v2/internal/core/registry.go:83.13,85.3 1 0
github.com/hbollon/go-edlib/v2/internal/core/registry.go:87.2,87.21 1 0
github.com/hbollon/go-edlib/v2/internal/core/registry.go:91.110,93.16 2 0
github.com/hbollon/go-edlib/v2/internal/core/registry.go:93.16,95.3 1 0
github.com/hbollon/go-edlib/v2/internal/core/registry.go:97.2,97.42 1 0
github.com/hbollon/go-edlib/v2/internal/core/registry.go:101.65,106.2 4 0
github.com/hbollon/go-edlib/v2/internal/core/registry.go:109.60,114.32 4 0
github.com/hbollon/go-edlib/v2/internal/core/registry.go:114.32,116.3 1 0
github.com/hbollon/go-edlib/v2/internal/core/registry.go:118.2,118.14 1 0
github.com/hbollon/go-edlib/v2/internal/core/registry.go:122.28,126.2 3 0
github.com/hbollon/go-edlib/v2/internal/core/registry.go:131.47,133.2 1 0
github.com/hbollon/go-edlib/v2/internal/core/registry.go:136.96,138.2 1 0
github.com/hbollon/go-edlib/v2/internal/core/registry.go:141.51,143.2 1 0
github.com/hbollon/go-edlib/v2/internal/core/registry.go:146.46,148.2 1 0
github.com/hbollon/go-edlib/v2/algorithms/algorithm.go:25.36,26.11 1 0
github.com/hbollon/go-edlib/v2/algorithms/algorithm.go:27.19,28.23 1 0
github.com/hbollon/go-edlib/v2/algorithms/algorithm.go:29.26,30.30 1 0
github.com/hbollon/go-edlib/v2/algorithms/algorithm.go:31.29,32.33 1 0
github.com/hbollon/go-edlib/v2/algorithms/algorithm.go:33.15,34.19 1 0
github.com/hbollon/go-edlib/v2/algorithms/algorithm.go:35.11,36.15 1 0
github.com/hbollon/go-edlib/v2/algorithms/algorithm.go:37.12,38.16 1 0
github.com/hbollon/go-edlib/v2/algorithms/algorithm.go:39.19,40.23 1 0
github.com/hbollon/go-edlib/v2/algorithms/algorithm.go:41.14,42.18 1 0
github.com/hbollon/go-edlib/v2/algorithms/algorithm.go:43.15,44.19 1 0
github.com/hbollon/go-edlib/v2/algorithms/algorithm.go:45.20,46.24 1 0
github.com/hbollon/go-edlib/v2/algorithms/algorithm.go:47.13,48.17 1 0
github.com/hbollon/go-edlib/v2/algorithms/algorithm.go:49.10,50.19 1 0
github.com/hbollon/go-edlib/v2/algorithms/algorithm.go:64.41,65.11 1 0
github.com/hbollon/go-edlib/v2/algorithms/algorithm.go:66.71,67.26 1 0
github.com/hbollon/go-edlib/v2/algorithms/algorithm.go:68.11,69.22 1 0
github.com/hbollon/go-edlib/v2/algorithms/algorithm.go:70.63,71.24 1 0
github.com/hbollon/go-edlib/v2/algorithms/algorithm.go:72.10,73.26 1 0
github.com/hbollon/go-edlib/v2/algorithms/algorithm.go:114.53,115.11 1 0
github.com/hbollon/go-edlib/v2/algorithms/algorithm.go:116.19,129.4 1 0
github.com/hbollon/go-edlib/v2/algorithms/algorithm.go:130.26,143.4 1 0
github.com/hbollon/go-edlib/v2/algorithms/algorithm.go:144.29,157.4 1 0
github.com/hbollon/go-edlib/v2/algorithms/algorithm.go:158.15,171.4 1 0
github.com/hbollon/go-edlib/v2/algorithms/algorithm.go:172.11,185.4 1 0
github.com/hbollon/go-edlib/v2/algorithms/algorithm.go:186.12,199.4 1 0
github.com/hbollon/go-edlib/v2/algorithms/algorithm.go:200.19,213.4 1 0
github.com/hbollon/go-edlib/v2/algorithms/algorithm.go:214.14,227.4 1 0
github.com/hbollon/go-edlib/v2/algorithms/algorithm.go:228.15,241.4 1 0
github.com/hbollon/go-edlib/v2/algorithms/algorithm.go:242.20,255.4 1 0
github.com/hbollon/go-edlib/v2/algorithms/algorithm.go:256.13,269.4 1 0
github.com/hbollon/go-edlib/v2/algorithms/algorithm.go:270.10,278.4 1 0
github.com/hbollon/go-edlib/v2/algorithms/algorithm.go:283.35,285.2 1 0
github.com/hbollon/go-edlib/v2/internal/impl/similarity/jaccard/factory.go:12.92,14.2 1 0
github.com/hbollon/go-edlib/v2/internal/impl/similarity/jaccard/factory.go:17.52,19.2 1 1
github.com/hbollon/go-edlib/v2/internal/impl/similarity/jaccard/factory.go:22.63,24.2 1 0
github.com/hbollon/go-edlib/v2/internal/impl/similarity/jaccard/factory.go:28.13,29.50 1 1
github.com/hbollon/go-edlib/v2/internal/impl/similarity/jaccard/factory.go:29.50,30.13 1 0
github.com/hbollon/go-edlib/v2/internal/impl/similarity/jaccard/jaccard.go:21.62,26.27 2 11
github.com/hbollon/go-edlib/v2/internal/impl/similarity/jaccard/jaccard.go:26.27,27.32 1 0
github.com/hbollon/go-edlib/v2/internal/impl/similarity/jaccard/jaccard.go:27.32,29.4 1 0
github.com/hbollon/go-edlib/v2/internal/impl/similarity/jaccard/jaccard.go:32.2,32.21 1 11
github.com/hbollon/go-edlib/v2/internal/impl/similarity/jaccard/jaccard.go:32.21,34.3 1 0
github.com/hbollon/go-edlib/v2/internal/impl/similarity/jaccard/jaccard.go:36.2,36.15 1 11
github.com/hbollon/go-edlib/v2/internal/impl/similarity/jaccard/jaccard.go:40.50,43.2 2 0
github.com/hbollon/go-edlib/v2/internal/impl/similarity/jaccard/jaccard.go:46.91,47.9 1 0
github.com/hbollon/go-edlib/v2/internal/impl/similarity/jaccard/jaccard.go:48.20,49.22 1 0
github.com/hbollon/go-edlib/v2/internal/impl/similarity/jaccard/jaccard.go:50.10,51.33 1 0
github.com/hbollon/go-edlib/v2/internal/impl/similarity/jaccard/jaccard.go:56.56,57.23 1 11
github.com/hbollon/go-edlib/v2/internal/impl/similarity/jaccard/jaccard.go:57.23,60.3 2 0
github.com/hbollon/go-edlib/v2/internal/impl/similarity/jaccard/jaccard.go:62.2,62.26 1 11
github.com/hbollon/go-edlib/v2/internal/impl/similarity/jaccard/jaccard.go:62.26,64.3 1 0
github.com/hbollon/go-edlib/v2/internal/impl/similarity/jaccard/jaccard.go:66.2,67.22 2 11
github.com/hbollon/go-edlib/v2/internal/impl/similarity/jaccard/jaccard.go:67.22,71.3 2 5
github.com/hbollon/go-edlib/v2/internal/impl/similarity/jaccard/jaccard.go:71.8,75.3 2 6
github.com/hbollon/go-edlib/v2/internal/impl/similarity/jaccard/jaccard.go:78.2,79.35 2 11
github.com/hbollon/go-edlib/v2/internal/impl/similarity/jaccard/jaccard.go:79.35,81.3 1 67
github.com/hbollon/go-edlib/v2/internal/impl/similarity/jaccard/jaccard.go:82.2,83.35 2 11
github.com/hbollon/go-edlib/v2/internal/impl/similarity/jaccard/jaccard.go:83.35,85.3 1 99
github.com/hbollon/go-edlib/v2/internal/impl/similarity/jaccard/jaccard.go:88.2,91.38 3 11
github.com/hbollon/go-edlib/v2/internal/impl/similarity/jaccard/jaccard.go:95.97,96.9 1 3
github.com/hbollon/go-edlib/v2/internal/impl/similarity/jaccard/jaccard.go:97.20,98.22 1 2
github.com/hbollon/go-edlib/v2/internal/impl/similarity/jaccard/jaccard.go:99.10,100.35 1 1
github.com/hbollon/go-edlib/v2/internal/impl/similarity/jaccard/jaccard.go:105.52,107.25 2 11
github.com/hbollon/go-edlib/v2/internal/impl/similarity/jaccard/jaccard.go:107.25,109.3 1 67
github.com/hbollon/go-edlib/v2/internal/impl/similarity/jaccard/jaccard.go:110.2,110.25 1 11
github.com/hbollon/go-edlib/v2/internal/impl/similarity/jaccard/jaccard.go:110.25,111.28 1 99
github.com/hbollon/go-edlib/v2/internal/impl/similarity/jaccard/jaccard.go:111.28,113.4 1 56
github.com/hbollon/go-edlib/v2/internal/impl/similarity/jaccard/jaccard.go:117.2,118.25 2 11
github.com/hbollon/go-edlib/v2/internal/impl/similarity/jaccard/jaccard.go:118.25,120.3 1 123
github.com/hbollon/go-edlib/v2/internal/impl/similarity/jaccard/jaccard.go:121.2,121.12 1 11
github.com/hbollon/go-edlib/v2/internal/impl/similarity/jaccard/jaccard.go:125.53,127.2 1 0
github.com/hbollon/go-edlib/v2/internal/impl/similarity/jaccard/jaccard.go:130.36,132.2 1 0
github.com/hbollon/go-edlib/v2/internal/impl/similarity/jaccard/jaccard.go:135.66,137.2 1 0
github.com/hbollon/go-edlib/v2/internal/impl/similarity/jaccard/jaccard.go:140.46,142.2 1 0
github.com/hbollon/go-edlib/v2/internal/impl/similarity/jaccard/jaccard.go:145.55,148.2 2 0
github.com/hbollon/go-edlib/v2/internal/impl/similarity/jaccard/jaccard.go:151.54,153.27 2 0
github.com/hbollon/go-edlib/v2/internal/impl/similarity/jaccard/jaccard.go:153.27,155.3 1 0
github.com/hbollon/go-edlib/v2/internal/impl/similarity/jaccard/jaccard.go:156.2,156.12 1 0
github.com/hbollon/go-edlib/v2/internal/impl/similarity/jaccard/jaccard.go:160.65,162.2 1 0
github.com/hbollon/go-edlib/v2/internal/impl/similarity/jaccard/jaccard.go:165.51,168.2 2 10
github.com/hbollon/go-edlib/v2/internal/impl/similarity/jaro/factory.go:12.92,14.2 1 0
github.com/hbollon/go-edlib/v2/internal/impl/similarity/jaro/factory.go:17.52,19.2 1 1
github.com/hbollon/go-edlib/v2/internal/impl/similarity/jaro/factory.go:22.63,24.2 1 0
github.com/hbollon/go-edlib/v2/internal/impl/similarity/jaro/factory.go:30.99,32.2 1 0
github.com/hbollon/go-edlib/v2/internal/impl/similarity/jaro/factory.go:35.59,37.2 1 1
github.com/hbollon/go-edlib/v2/internal/impl/similarity/jaro/factory.go:40.70,42.2 1 0
github.com/hbollon/go-edlib/v2/internal/impl/similarity/jaro/factory.go:51.13,52.50 1 1
github.com/hbollon/go-edlib/v2/internal/impl/similarity/jaro/factory.go:52.50,53.13 1 0
github.com/hbollon/go-edlib/v2/internal/impl/similarity/jaro/factory.go:55.2,55.57 1 1
github.com/hbollon/go-edlib/v2/internal/impl/similarity/jaro/factory.go:55.57,56.13 1 0
github.com/hbollon/go-edlib/v2/internal/impl/similarity/jaro/jaro.go:28.62,37.27 2 9
github.com/hbollon/go-edlib/v2/internal/impl/similarity/jaro/jaro.go:37.27,38.32 1 0
github.com/hbollon/go-edlib/v2/internal/impl/similarity/jaro/jaro.go:38.32,40.4 1 0
github.com/hbollon/go-edlib/v2/internal/impl/similarity/jaro/jaro.go:43.2,43.15 1 9
github.com/hbollon/go-edlib/v2/internal/impl/similarity/jaro/jaro.go:47.69,49.16 2 3
github.com/hbollon/go-edlib/v2/internal/impl/similarity/jaro/jaro.go:49.16,51.3 1 0
github.com/hbollon/go-edlib/v2/internal/impl/similarity/jaro/jaro.go:52.2,53.15 2 3
github.com/hbollon/go-edlib/v2/internal/impl/similarity/jaro/jaro.go:57.50,61.2 2 1
github.com/hbollon/go-edlib/v2/internal/impl/similarity/jaro/jaro.go:64.91,65.9 1 0
github.com/hbollon/go-edlib/v2/internal/impl/similarity/jaro/jaro.go:66.20,67.22 1 0
github.com/hbollon/go-edlib/v2/internal/impl/similarity/jaro/jaro.go:68.10,68.10 0 0
github.com/hbollon/go-edlib/v2/internal/impl/similarity/jaro/jaro.go:71.2,73.9 2 0
github.com/hbollon/go-edlib/v2/internal/impl/similarity/jaro/jaro.go:74.20,75.22 1 0
github.com/hbollon/go-edlib/v2/internal/impl/similarity/jaro/jaro.go:76.10,77.19 1 0
github.com/hbollon/go-edlib/v2/internal/impl/similarity/jaro/jaro.go:82.56,83.23 1 30
github.com/hbollon/go-edlib/v2/internal/impl/similarity/jaro/jaro.go:83.23,86.3 2 3
github.com/hbollon/go-edlib/v2/internal/impl/similarity/jaro/jaro.go:88.2,90.34 2 30
github.com/hbollon/go-edlib/v2/internal/impl/similarity/jaro/jaro.go:90.34,92.3 1 2
github.com/hbollon/go-edlib/v2/internal/impl/similarity/jaro/jaro.go:93.2,93.34 1 28
github.com/hbollon/go-edlib/v2/internal/impl/similarity/jaro/jaro.go:93.34,95.3 1 4
github.com/hbollon/go-edlib/v2/internal/impl/similarity/jaro/jaro.go:96.2,96.25 1 24
github.com/hbollon/go-edlib/v2/internal/impl/similarity/jaro/jaro.go:96.25,98.3 1 6
github.com/hbollon/go-edlib/v2/internal/impl/similarity/jaro/jaro.go:100.2,102.55 2 18
github.com/hbollon/go-edlib/v2/internal/impl/similarity/jaro/jaro.go:102.55,104.3 1 12
github.com/hbollon/go-edlib/v2/internal/impl/similarity/jaro/jaro.go:107.2,107.45 1 6
github.com/hbollon/go-edlib/v2/internal/impl/similarity/jaro/jaro.go:111.60,116.17 3 18
github.com/hbollon/go-edlib/v2/internal/impl/similarity/jaro/jaro.go:116.17,118.3 1 0
github.com/hbollon/go-edlib/v2/internal/impl/similarity/jaro/jaro.go:121.2,122.19 2 18
github.com/hbollon/go-edlib/v2/internal/impl/similarity/jaro/jaro.go:122.19,125.16 3 3
github.com/hbollon/go-edlib/v2/internal/impl/similarity/jaro/jaro.go:125.16,128.4 2 3
github.com/hbollon/go-edlib/v2/internal/impl/similarity/jaro/jaro.go:129.3,129.23 1 3
github.com/hbollon/go-edlib/v2/internal/impl/similarity/jaro/jaro.go:129.23,131.4 1 0
github.com/hbollon/go-edlib/v2/internal/impl/similarity/jaro/jaro.go:132.8,135.23 3 15
github.com/hbollon/go-edlib/v2/internal/impl/similarity/jaro/jaro.go:135.23,137.4 1 0
github.com/hbollon/go-edlib/v2/internal/impl/similarity/jaro/jaro.go:141.2,142.28 2 18
github.com/hbollon/go-edlib/v2/internal/impl/similarity/jaro/jaro.go:142.28,146.32 3 102
github.com/hbollon/go-edlib/v2/internal/impl/similarity/jaro/jaro.go:146.32,147.37 1 360
github.com/hbollon/go-edlib/v2/internal/impl/similarity/jaro/jaro.go:147.37,148.13 1 292
github.com/hbollon/go-edlib/v2/internal/impl/similarity/jaro/jaro.go:150.4,153.9 4 68
github.com/hbollon/go-edlib/v2/internal/impl/similarity/jaro/jaro.go:157.2,157.18 1 18
github.com/hbollon/go-edlib/v2/internal/impl/similarity/jaro/jaro.go:157.18,159.3 1 2
github.com/hbollon/go-edlib/v2/internal/impl/similarity/jaro/jaro.go:162.2,164.28 3 16
github.com/hbollon/go-edlib/v2/internal/impl/similarity/jaro/jaro.go:164.28,165.19 1 94
github.com/hbollon/go-edlib/v2/internal/impl/similarity/jaro/jaro.go:165.19,166.12 1 26
github.com/hbollon/go-edlib/v2/internal/impl/similarity/jaro/jaro.go:168.3,168.20 1 68
github.com/hbollon/go-edlib/v2/internal/impl/similarity/jaro/jaro.go:168.20,170.4 1 32
github.com/hbollon/go-edlib/v2/internal/impl/similarity/jaro/jaro.go:171.3,171.21 1 68
github.com/hbollon/go-edlib/v2/internal/impl/similarity/jaro/jaro.go:171.21,173.4 1 4
github.com/hbollon/go-edlib/v2/internal/impl/similarity/jaro/jaro.go:174.3,174.6 1 68
github.com/hbollon/go-edlib/v2/internal/impl/similarity/jaro/jaro.go:177.2,178.86 2 16
github.com/hbollon/go-edlib/v2/internal/impl/similarity/jaro/jaro.go:182.80,186.53 3 6
github.com/hbollon/go-edlib/v2/internal/impl/similarity/jaro/jaro.go:186.53,187.21 1 14
github.com/hbollon/go-edlib/v2/internal/impl/similarity/jaro/jaro.go:187.21,189.4 1 8
github.com/hbollon/go-edlib/v2/internal/impl/similarity/jaro/jaro.go:189.9,190.9 1 6
github.com/hbollon/go-edlib/v2/internal/impl/similarity/jaro/jaro.go:194.2,194.65 1 6
github.com/hbollon/go-edlib/v2/internal/impl/similarity/jaro/jaro.go:198.97,199.9 1 3
github.com/hbollon/go-edlib/v2/internal/impl/similarity/jaro/jaro.go:200.20,201.22 1 2
github.com/hbollon/go-edlib/v2/internal/impl/similarity/jaro/jaro.go:202.10,202.10 0 1
github.com/hbollon/go-edlib/v2/internal/impl/similarity/jaro/jaro.go:205.2,207.9 2 1
github.com/hbollon/go-edlib/v2/internal/impl/similarity/jaro/jaro.go:208.20,209.22 1 0
github.com/hbollon/go-edlib/v2/internal/impl/similarity/jaro/jaro.go:210.10,211.18 1 1
github.com/hbollon/go-edlib/v2/internal/impl/similarity/jaro/jaro.go:216.53,218.2 1 1
github.com/hbollon/go-edlib/v2/internal/impl/similarity/jaro/jaro.go:221.36,222.18 1 2
github.com/hbollon/go-edlib/v2/internal/impl/similarity/jaro/jaro.go:222.18,224.3 1 1
github.com/hbollon/go-edlib/v2/internal/impl/similarity/jaro/jaro.go:225.2,225.15 1 1
github.com/hbollon/go-edlib/v2/internal/impl/similarity/jaro/jaro.go:229.66,230.18 1 2
github.com/hbollon/go-edlib/v2/internal/impl/similarity/jaro/jaro.go:230.18,232.3 1 1
github.com/hbollon/go-edlib/v2/internal/impl/similarity/jaro/jaro.go:233.2,233.37 1 1
github.com/hbollon/go-edlib/v2/internal/impl/similarity/jaro/jaro.go:237.80,239.2 1 0
github.com/hbollon/go-edlib/v2/internal/impl/similarity/jaro/jaro.go:242.85,245.2 2 1
github.com/hbollon/go-edlib/v2/internal/impl/similarity/jaro/jaro.go:248.82,250.2 1 0
github.com/hbollon/go-edlib/v2/internal/impl/similarity/jaro/jaro.go:253.76,255.2 1 0
github.com/hbollon/go-edlib/v2/internal/utils/utils.go:10.24,11.11 1 21
github.com/hbollon/go-edlib/v2/internal/utils/utils.go:11.11,13.3 1 6
github.com/hbollon/go-edlib/v2/internal/utils/utils.go:14.2,14.10 1 15
github.com/hbollon/go-edlib/v2/internal/utils/utils.go:18.24,19.11 1 5
github.com/hbollon/go-edlib/v2/internal/utils/utils.go:19.11,21.3 1 2
github.com/hbollon/go-edlib/v2/internal/utils/utils.go:22.2,22.10 1 3
github.com/hbollon/go-edlib/v2/internal/utils/utils.go:26.28,27.11 1 5
github.com/hbollon/go-edlib/v2/internal/utils/utils.go:27.11,28.12 1 1
github.com/hbollon/go-edlib/v2/internal/utils/utils.go:28.12,30.4 1 1
github.com/hbollon/go-edlib/v2/internal/utils/utils.go:31.3,31.11 1 0
github.com/hbollon/go-edlib/v2/internal/utils/utils.go:33.2,33.11 1 4
github.com/hbollon/go-edlib/v2/internal/utils/utils.go:33.11,35.3 1 1
github.com/hbollon/go-edlib/v2/internal/utils/utils.go:36.2,36.10 1 3
github.com/hbollon/go-edlib/v2/internal/utils/utils.go:40.31,42.2 1 5
github.com/hbollon/go-edlib/v2/internal/utils/utils.go:45.30,46.22 1 16
github.com/hbollon/go-edlib/v2/internal/utils/utils.go:46.22,48.3 1 2
github.com/hbollon/go-edlib/v2/internal/utils/utils.go:49.2,49.19 1 14
github.com/hbollon/go-edlib/v2/internal/utils/utils.go:49.19,50.19 1 48
github.com/hbollon/go-edlib/v2/internal/utils/utils.go:50.19,52.4 1 2
github.com/hbollon/go-edlib/v2/internal/utils/utils.go:54.2,54.13 1 12
github.com/hbollon/go-edlib/v2/internal/utils/utils.go:58.31,60.26 2 6
github.com/hbollon/go-edlib/v2/internal/utils/utils.go:60.26,62.3 1 26
github.com/hbollon/go-edlib/v2/internal/utils/utils.go:63.2,63.14 1 6
github.com/hbollon/go-edlib/v2/internal/utils/utils.go:67.33,69.2 1 8
github.com/hbollon/go-edlib/v2/internal/utils/utils.go:72.19,74.12 2 11
github.com/hbollon/go-edlib/v2/internal/utils/utils.go:74.12,76.3 1 0
github.com/hbollon/go-edlib/v2/internal/utils/utils.go:77.2,77.10 1 11
github.com/hbollon/go-edlib/v2/internal/utils/utils.go:81.58,82.30 1 5
github.com/hbollon/go-edlib/v2/internal/utils/utils.go:82.30,84.3 1 2
github.com/hbollon/go-edlib/v2/internal/utils/utils.go:86.2,89.26 3 3
github.com/hbollon/go-edlib/v2/internal/utils/utils.go:89.26,91.3 1 2
github.com/hbollon/go-edlib/v2/internal/utils/utils.go:93.2,93.17 1 1
github.com/hbollon/go-edlib/v2/internal/utils/utils.go:93.17,95.3 1 0
github.com/hbollon/go-edlib/v2/internal/utils/utils.go:97.2,97.16 1 1
github.com/hbollon/go-edlib/v2/internal/utils/utils.go:101.48,102.13 1 6
github.com/hbollon/go-edlib/v2/internal/utils/utils.go:102.13,104.3 1 1
github.com/hbollon/go-edlib/v2/internal/utils/utils.go:105.2,105.13 1 5
github.com/hbollon/go-edlib/v2/internal/utils/utils.go:105.13,107.3 1 1
github.com/hbollon/go-edlib/v2/internal/utils/utils.go:108.2,108.10 1 4
github.com/hbollon/go-edlib/v2/internal/utils/utils.go:112.41,113.21 1 5
github.com/hbollon/go-edlib/v2/internal/utils/utils.go:113.21,115.3 1 2
github.com/hbollon/go-edlib/v2/internal/utils/utils.go:116.2,116.22 1 3
github.com/hbollon/go-edlib/v2/internal/utils/utils.go:120.37,121.13 1 4
github.com/hbollon/go-edlib/v2/internal/utils/utils.go:121.13,123.3 1 1
github.com/hbollon/go-edlib/v2/internal/utils/utils.go:124.2,124.18 1 3
github.com/hbollon/go-edlib/v2/internal/utils/utils.go:130.46,132.23 2 8
github.com/hbollon/go-edlib/v2/internal/utils/utils.go:132.23,135.39 2 6
github.com/hbollon/go-edlib/v2/internal/utils/utils.go:135.39,137.4 1 51
github.com/hbollon/go-edlib/v2/internal/utils/utils.go:139.2,139.10 1 8
github.com/hbollon/go-edlib/v2/internal/utils/utils.go:145.45,148.23 3 7
github.com/hbollon/go-edlib/v2/internal/utils/utils.go:148.23,150.39 2 5
github.com/hbollon/go-edlib/v2/internal/utils/utils.go:150.39,152.4 1 44
github.com/hbollon/go-edlib/v2/internal/utils/utils.go:153.3,153.20 1 5
github.com/hbollon/go-edlib/v2/internal/utils/utils.go:153.20,155.4 1 38
github.com/hbollon/go-edlib/v2/internal/utils/utils.go:157.2,157.12 1 7
github.com/hbollon/go-edlib/v2/internal/utils/utils.go:164.53,165.26 1 0
github.com/hbollon/go-edlib/v2/internal/utils/utils.go:165.26,167.3 1 0
github.com/hbollon/go-edlib/v2/internal/utils/utils.go:171.43,173.21 2 0
github.com/hbollon/go-edlib/v2/internal/utils/utils.go:173.21,175.3 1 0
github.com/hbollon/go-edlib/v2/internal/utils/utils.go:176.2,176.12 1 0
github.com/hbollon/go-edlib/v2/internal/impl/similarity/sorensendice/factory.go:12.92,14.2 1 0
github.com/hbollon/go-edlib/v2/internal/impl/similarity/sorensendice/factory.go:17.52,19.2 1 0
github.com/hbollon/go-edlib/v2/internal/impl/similarity/sorensendice/factory.go:22.63,24.2 1 0
github.com/hbollon/go-edlib/v2/internal/impl/similarity/sorensendice/factory.go:28.13,29.50 1 0
github.com/hbollon/go-edlib/v2/internal/impl/similarity/sorensendice/factory.go:29.50,30.13 1 0
github.com/hbollon/go-edlib/v2/internal/impl/similarity/sorensendice/sorensendice.go:21.62,26.27 2 0
github.com/hbollon/go-edlib/v2/internal/impl/similarity/sorensendice/sorensendice.go:26.27,27.32 1 0
github.com/hbollon/go-edlib/v2/internal/impl/similarity/sorensendice/sorensendice.go:27.32,29.4 1 0
github.com/hbollon/go-edlib/v2/internal/impl/similarity/sorensendice/sorensendice.go:32.2,32.21 1 0
github.com/hbollon/go-edlib/v2/internal/impl/similarity/sorensendice/sorensendice.go:32.21,34.3 1 0
github.com/hbollon/go-edlib/v2/internal/impl/similarity/sorensendice/sorensendice.go:36.2,36.15 1 0
github.com/hbollon/go-edlib/v2/internal/impl/similarity/sorensendice/sorensendice.go:40.50,43.2 2 0
github.com/hbollon/go-edlib/v2/internal/impl/similarity/sorensendice/sorensendice.go:46.91,47.9 1 0
github.com/hbollon/go-edlib/v2/internal/impl/similarity/sorensendice/sorensendice.go:48.20,49.22 1 0
github.com/hbollon/go-edlib/v2/internal/impl/similarity/sorensendice/sorensendice.go:50.10,51.33 1 0
github.com/hbollon/go-edlib/v2/internal/impl/similarity/sorensendice/sorensendice.go:56.56,57.23 1 0
github.com/hbollon/go-edlib/v2/internal/impl/similarity/sorensendice/sorensendice.go:57.23,60.3 2 0
github.com/hbollon/go-edlib/v2/internal/impl/similarity/sorensendice/sorensendice.go:62.2,62.26 1 0
github.com/hbollon/go-edlib/v2/internal/impl/similarity/sorensendice/sorensendice.go:62.26,64.3 1 0
github.com/hbollon/go-edlib/v2/internal/impl/similarity/sorensendice/sorensendice.go:66.2,70.26 4 0
github.com/hbollon/go-edlib/v2/internal/impl/similarity/sorensendice/sorensendice.go:70.26,71.31 1 0
github.com/hbollon/go-edlib/v2/internal/impl/similarity/sorensendice/sorensendice.go:71.31,73.4 1 0
github.com/hbollon/go-edlib/v2/internal/impl/similarity/sorensendice/sorensendice.go:76.2,76.66 1 0
github.com/hbollon/go-edlib/v2/internal/impl/similarity/sorensendice/sorensendice.go:80.97,81.9 1 0
github.com/hbollon/go-edlib/v2/internal/impl/similarity/sorensendice/sorensendice.go:82.20,83.22 1 0
github.com/hbollon/go-edlib/v2/internal/impl/similarity/sorensendice/sorensendice.go:84.10,85.35 1 0
github.com/hbollon/go-edlib/v2/internal/impl/similarity/sorensendice/sorensendice.go:90.53,92.2 1 0
github.com/hbollon/go-edlib/v2/internal/impl/similarity/sorensendice/sorensendice.go:95.36,97.2 1 0
github.com/hbollon/go-edlib/v2/internal/impl/similarity/sorensendice/sorensendice.go:100.66,102.2 1 0
github.com/hbollon/go-edlib/v2/internal/impl/similarity/sorensendice/sorensendice.go:105.46,107.2 1 0
github.com/hbollon/go-edlib/v2/internal/impl/similarity/sorensendice/sorensendice.go:110.55,113.2 2 0
github.com/hbollon/go-edlib/v2/internal/impl/similarity/sorensendice/sorensendice.go:116.54,118.27 2 0
github.com/hbollon/go-edlib/v2/internal/impl/similarity/sorensendice/sorensendice.go:118.27,120.3 1 0
github.com/hbollon/go-edlib/v2/internal/impl/similarity/sorensendice/sorensendice.go:121.2,121.12 1 0
github.com/hbollon/go-edlib/v2/internal/impl/similarity/sorensendice/sorensendice.go:125.65,127.2 1 0
github.com/hbollon/go-edlib/v2/internal/impl/similarity/sorensendice/sorensendice.go:130.51,133.2 2 0
github.com/hbollon/go-edlib/v2/internal/impl/similarity/qgram/factory.go:12.92,14.2 1 0
github.com/hbollon/go-edlib/v2/internal/impl/similarity/qgram/factory.go:17.52,19.2 1 0
github.com/hbollon/go-edlib/v2/internal/impl/similarity/qgram/factory.go:22.63,24.2 1 0
github.com/hbollon/go-edlib/v2/internal/impl/similarity/qgram/factory.go:28.13,29.50 1 0
github.com/hbollon/go-edlib/v2/internal/impl/similarity/qgram/factory.go:29.50,30.13 1 0
github.com/hbollon/go-edlib/v2/internal/impl/similarity/qgram/qgram.go:22.62,27.27 2 0
github.com/hbollon/go-edlib/v2/internal/impl/similarity/qgram/qgram.go:27.27,28.32 1 0
github.com/hbollon/go-edlib/v2/internal/impl/similarity/qgram/qgram.go:28.32,30.4 1 0
github.com/hbollon/go-edlib/v2/internal/impl/similarity/qgram/qgram.go:33.2,33.21 1 0
github.com/hbollon/go-edlib/v2/internal/impl/similarity/qgram/qgram.go:33.21,35.3 1 0
github.com/hbollon/go-edlib/v2/internal/impl/similarity/qgram/qgram.go:37.2,37.15 1 0
github.com/hbollon/go-edlib/v2/internal/impl/similarity/qgram/qgram.go:41.50,42.23 1 0
github.com/hbollon/go-edlib/v2/internal/impl/similarity/qgram/qgram.go:42.23,45.3 2 0
github.com/hbollon/go-edlib/v2/internal/impl/similarity/qgram/qgram.go:47.2,47.32 1 0
github.com/hbollon/go-edlib/v2/internal/impl/similarity/qgram/qgram.go:51.91,52.9 1 0
github.com/hbollon/go-edlib/v2/internal/impl/similarity/qgram/qgram.go:53.20,54.22 1 0
github.com/hbollon/go-edlib/v2/internal/impl/similarity/qgram/qgram.go:55.10,56.33 1 0
github.com/hbollon/go-edlib/v2/internal/impl/similarity/qgram/qgram.go:61.56,62.23 1 0
github.com/hbollon/go-edlib/v2/internal/impl/similarity/qgram/qgram.go:62.23,65.3 2 0
github.com/hbollon/go-edlib/v2/internal/impl/similarity/qgram/qgram.go:67.2,73.33 5 0
github.com/hbollon/go-edlib/v2/internal/impl/similarity/qgram/qgram.go:73.33,75.3 1 0
github.com/hbollon/go-edlib/v2/internal/impl/similarity/qgram/qgram.go:76.2,76.33 1 0
github.com/hbollon/go-edlib/v2/internal/impl/similarity/qgram/qgram.go:76.33,78.3 1 0
github.com/hbollon/go-edlib/v2/internal/impl/similarity/qgram/qgram.go:80.2,80.24 1 0
github.com/hbollon/go-edlib/v2/internal/impl/similarity/qgram/qgram.go:80.24,82.3 1 0
github.com/hbollon/go-edlib/v2/internal/impl/similarity/qgram/qgram.go:84.2,84.45 1 0
github.com/hbollon/go-edlib/v2/internal/impl/similarity/qgram/qgram.go:88.97,89.9 1 0
github.com/hbollon/go-edlib/v2/internal/impl/similarity/qgram/qgram.go:90.20,91.22 1 0
github.com/hbollon/go-edlib/v2/internal/impl/similarity/qgram/qgram.go:92.10,93.35 1 0
github.com/hbollon/go-edlib/v2/internal/impl/similarity/qgram/qgram.go:98.59,102.2 3 0
github.com/hbollon/go-edlib/v2/internal/impl/similarity/qgram/qgram.go:105.89,107.30 2 0
github.com/hbollon/go-edlib/v2/internal/impl/similarity/qgram/qgram.go:107.30,109.3 1 0
github.com/hbollon/go-edlib/v2/internal/impl/similarity/qgram/qgram.go:110.2,110.30 1 0
github.com/hbollon/go-edlib/v2/internal/impl/similarity/qgram/qgram.go:110.30,112.3 1 0
github.com/hbollon/go-edlib/v2/internal/impl/similarity/qgram/qgram.go:114.2,115.23 2 0
github.com/hbollon/go-edlib/v2/internal/impl/similarity/qgram/qgram.go:115.23,117.3 1 0
github.com/hbollon/go-edlib/v2/internal/impl/similarity/qgram/qgram.go:119.2,119.12 1 0
github.com/hbollon/go-edlib/v2/internal/impl/similarity/qgram/qgram.go:123.53,124.23 1 0
github.com/hbollon/go-edlib/v2/internal/impl/similarity/qgram/qgram.go:124.23,127.3 2 0
github.com/hbollon/go-edlib/v2/internal/impl/similarity/qgram/qgram.go:129.2,129.42 1 0
github.com/hbollon/go-edlib/v2/internal/impl/similarity/qgram/qgram.go:133.36,135.2 1 0
github.com/hbollon/go-edlib/v2/internal/impl/similarity/qgram/qgram.go:138.66,140.2 1 0
github.com/hbollon/go-edlib/v2/internal/impl/similarity/qgram/qgram.go:143.46,145.2 1 0
github.com/hbollon/go-edlib/v2/internal/impl/similarity/qgram/qgram.go:148.55,151.2 2 0
github.com/hbollon/go-edlib/v2/internal/impl/similarity/qgram/qgram.go:154.54,156.27 2 0
github.com/hbollon/go-edlib/v2/internal/impl/similarity/qgram/qgram.go:156.27,158.3 1 0
github.com/hbollon/go-edlib/v2/internal/impl/similarity/qgram/qgram.go:159.2,159.12 1 0
github.com/hbollon/go-edlib/v2/internal/impl/similarity/qgram/qgram.go:163.65,165.2 1 0
github.com/hbollon/go-edlib/v2/internal/impl/similarity/qgram/qgram.go:168.51,171.2 2 0
github.com/hbollon/go-edlib/v2/internal/search/parallel.go:19.80,20.18 1 0
github.com/hbollon/go-edlib/v2/internal/search/parallel.go:20.18,22.3 1 0
github.com/hbollon/go-edlib/v2/internal/search/parallel.go:24.2,24.16 1 0
github.com/hbollon/go-edlib/v2/internal/search/parallel.go:24.16,26.3 1 0
github.com/hbollon/go-edlib/v2/internal/search/parallel.go:28.2,31.3 1 0
github.com/hbollon/go-edlib/v2/internal/search/parallel.go:38.28,40.12 2 0
github.com/hbollon/go-edlib/v2/internal/search/parallel.go:40.12,42.3 1 0
github.com/hbollon/go-edlib/v2/internal/search/parallel.go:44.2,47.21 2 0
github.com/hbollon/go-edlib/v2/internal/search/parallel.go:47.21,48.30 1 0
github.com/hbollon/go-edlib/v2/internal/search/parallel.go:48.30,50.4 1 0
github.com/hbollon/go-edlib/v2/internal/search/parallel.go:51.3,51.17 1 0
github.com/hbollon/go-edlib/v2/internal/search/parallel.go:55.2,56.19 2 0
github.com/hbollon/go-edlib/v2/internal/search/parallel.go:56.19,58.3 1 0
github.com/hbollon/go-edlib/v2/internal/search/parallel.go:60.2,62.36 2 0
github.com/hbollon/go-edlib/v2/internal/search/parallel.go:62.36,64.14 2 0
github.com/hbollon/go-edlib/v2/internal/search/parallel.go:64.14,66.4 1 0
github.com/hbollon/go-edlib/v2/internal/search/parallel.go:68.3,69.27 2 0
github.com/hbollon/go-edlib/v2/internal/search/parallel.go:69.27,72.33 2 0
github.com/hbollon/go-edlib/v2/internal/search/parallel.go:72.33,74.12 1 0
github.com/hbollon/go-edlib/v2/internal/search/parallel.go:75.25,79.12 2 0
github.com/hbollon/go-edlib/v2/internal/search/parallel.go:80.13,80.13 0 0
github.com/hbollon/go-edlib/v2/internal/search/parallel.go:83.5,83.37 1 0
github.com/hbollon/go-edlib/v2/internal/search/parallel.go:88.2,89.16 2 0
github.com/hbollon/go-edlib/v2/internal/search/parallel.go:97.22,99.12 2 0
github.com/hbollon/go-edlib/v2/internal/search/parallel.go:99.12,101.3 1 0
github.com/hbollon/go-edlib/v2/internal/search/parallel.go:103.2,106.21 2 0
github.com/hbollon/go-edlib/v2/internal/search/parallel.go:106.21,107.34 1 0
github.com/hbollon/go-edlib/v2/internal/search/parallel.go:107.34,109.4 1 0
github.com/hbollon/go-edlib/v2/internal/search/parallel.go:110.3,110.17 1 0
github.com/hbollon/go-edlib/v2/internal/search/parallel.go:114.2,115.19 2 0
github.com/hbollon/go-edlib/v2/internal/search/parallel.go:115.19,117.3 1 0
github.com/hbollon/go-edlib/v2/internal/search/parallel.go:119.2,121.36 2 0
github.com/hbollon/go-edlib/v2/internal/search/parallel.go:121.36,123.14 2 0
github.com/hbollon/go-edlib/v2/internal/search/parallel.go:123.14,125.4 1 0
github.com/hbollon/go-edlib/v2/internal/search/parallel.go:127.3,128.27 2 0
github.com/hbollon/go-edlib/v2/internal/search/parallel.go:128.27,131.33 2 0
github.com/hbollon/go-edlib/v2/internal/search/parallel.go:131.33,133.12 1 0
github.com/hbollon/go-edlib/v2/internal/search/parallel.go:134.25,135.12 1 0
github.com/hbollon/go-edlib/v2/internal/search/parallel.go:136.13,136.13 0 0
github.com/hbollon/go-edlib/v2/internal/search/parallel.go:139.5,139.49 1 0
github.com/hbollon/go-edlib/v2/internal/search/parallel.go:144.2,145.16 2 0
github.com/hbollon/go-edlib/v2/internal/search/parallel.go:149.43,151.2 1 0
github.com/hbollon/go-edlib/v2/search/search.go:37.30,47.2 1 0
github.com/hbollon/go-edlib/v2/search/search.go:55.34,56.19 1 0
github.com/hbollon/go-edlib/v2/search/search.go:56.19,58.3 1 0
github.com/hbollon/go-edlib/v2/search/search.go:59.2,59.32 1 0
github.com/hbollon/go-edlib/v2/search/search.go:63.76,64.23 1 0
github.com/hbollon/go-edlib/v2/search/search.go:64.23,66.3 1 0
github.com/hbollon/go-edlib/v2/search/search.go:68.2,69.16 2 0
github.com/hbollon/go-edlib/v2/search/search.go:69.16,71.3 1 0
github.com/hbollon/go-edlib/v2/search/search.go:73.2,73.23 1 0
github.com/hbollon/go-edlib/v2/search/search.go:73.23,75.3 1 0
github.com/hbollon/go-edlib/v2/search/search.go:77.2,77.25 1 0
github.com/hbollon/go-edlib/v2/search/search.go:81.76,82.23 1 0
github.com/hbollon/go-edlib/v2/search/search.go:82.23,84.3 1 0
github.com/hbollon/go-edlib/v2/search/search.go:87.2,88.16 2 0
github.com/hbollon/go-edlib/v2/search/search.go:88.16,90.3 1 0
github.com/hbollon/go-edlib/v2/search/search.go:93.2,95.33 2 0
github.com/hbollon/go-edlib/v2/search/search.go:95.33,97.10 1 0
github.com/hbollon/go-edlib/v2/search/search.go:98.34,99.38 1 0
github.com/hbollon/go-edlib/v2/search/search.go:100.11,100.11 0 0
github.com/hbollon/go-edlib/v2/search/search.go:103.3,106.30 3 0
github.com/hbollon/go-edlib/v2/search/search.go:106.30,108.18 2 0
github.com/hbollon/go-edlib/v2/search/search.go:108.18,109.13 1 0
github.com/hbollon/go-edlib/v2/search/search.go:111.4,112.18 2 0
github.com/hbollon/go-edlib/v2/search/search.go:112.18,113.13 1 0
github.com/hbollon/go-edlib/v2/search/search.go:115.9,118.4 2 0
github.com/hbollon/go-edlib/v2/search/search.go:121.3,121.64 1 0
github.com/hbollon/go-edlib/v2/search/search.go:121.64,122.12 1 0
github.com/hbollon/go-edlib/v2/search/search.go:125.3,136.36 2 0
github.com/hbollon/go-edlib/v2/search/search.go:139.2,139.23 1 0
github.com/hbollon/go-edlib/v2/search/search.go:139.23,141.3 1 0
github.com/hbollon/go-edlib/v2/search/search.go:144.2,147.67 2 0
github.com/hbollon/go-edlib/v2/search/search.go:147.67,149.3 1 0
github.com/hbollon/go-edlib/v2/search/search.go:152.2,152.25 1 0
github.com/hbollon/go-edlib/v2/search/search.go:152.25,154.3 1 0
github.com/hbollon/go-edlib/v2/search/search.go:156.2,156.21 1 0
github.com/hbollon/go-edlib/v2/search/search.go:160.48,161.26 1 0
github.com/hbollon/go-edlib/v2/search/search.go:162.20,163.43 1 0
github.com/hbollon/go-edlib/v2/search/search.go:163.43,164.44 1 0
github.com/hbollon/go-edlib/v2/search/search.go:164.44,166.5 1 0
github.com/hbollon/go-edlib/v2/search/search.go:167.4,167.46 1 0
github.com/hbollon/go-edlib/v2/search/search.go:170.23,171.43 1 0
github.com/hbollon/go-edlib/v2/search/search.go:171.43,172.50 1 0
github.com/hbollon/go-edlib/v2/search/search.go:172.50,174.5 1 0
github.com/hbollon/go-edlib/v2/search/search.go:175.4,175.52 1 0
github.com/hbollon/go-edlib/v2/search/search.go:178.21,180.43 1 0
github.com/hbollon/go-edlib/v2/search/search.go:180.43,190.4 5 0
github.com/hbollon/go-edlib/v2/search/search.go:195.105,198.2 2 0
github.com/hbollon/go-edlib/v2/search/search.go:201.84,204.2 2 0
github.com/hbollon/go-edlib/v2/builder.go:18.21,22.2 1 24
github.com/hbollon/go-edlib/v2/builder.go:25.28,29.2 1 15
github.com/hbollon/go-edlib/v2/builder.go:34.61,37.2 2 21
github.com/hbollon/go-edlib/v2/builder.go:40.61,43.2 2 1
github.com/hbollon/go-edlib/v2/builder.go:46.63,49.2 2 0
github.com/hbollon/go-edlib/v2/builder.go:52.61,55.2 2 1
github.com/hbollon/go-edlib/v2/builder.go:58.62,61.2 2 1
github.com/hbollon/go-edlib/v2/builder.go:64.58,67.2 2 0
github.com/hbollon/go-edlib/v2/builder.go:70.61,73.2 2 0
github.com/hbollon/go-edlib/v2/builder.go:76.54,80.2 3 0
github.com/hbollon/go-edlib/v2/builder.go:83.53,86.2 2 1
github.com/hbollon/go-edlib/v2/builder.go:89.48,93.2 3 0
github.com/hbollon/go-edlib/v2/builder.go:96.64,99.2 2 1
github.com/hbollon/go-edlib/v2/builder.go:102.62,105.2 2 0
github.com/hbollon/go-edlib/v2/builder.go:108.57,111.2 2 0
github.com/hbollon/go-edlib/v2/builder.go:116.55,118.2 1 0
github.com/hbollon/go-edlib/v2/builder.go:121.56,123.2 1 0
github.com/hbollon/go-edlib/v2/builder.go:126.43,128.2 1 3
github.com/hbollon/go-edlib/v2/builder.go:131.69,132.18 1 23
github.com/hbollon/go-edlib/v2/builder.go:132.18,134.3 1 0
github.com/hbollon/go-edlib/v2/builder.go:136.2,136.44 1 23
github.com/hbollon/go-edlib/v2/builder.go:136.44,138.3 1 0
github.com/hbollon/go-edlib/v2/builder.go:141.2,142.16 2 23
github.com/hbollon/go-edlib/v2/builder.go:142.16,144.3 1 0
github.com/hbollon/go-edlib/v2/builder.go:147.2,152.28 4 23
github.com/hbollon/go-edlib/v2/builder.go:152.28,155.3 2 1
github.com/hbollon/go-edlib/v2/builder.go:158.2,161.53 3 23
github.com/hbollon/go-edlib/v2/builder.go:161.53,163.17 2 23
github.com/hbollon/go-edlib/v2/builder.go:163.17,165.4 1 1
github.com/hbollon/go-edlib/v2/builder.go:166.3,167.17 2 22
github.com/hbollon/go-edlib/v2/builder.go:167.17,169.4 1 0
github.com/hbollon/go-edlib/v2/builder.go:170.8,173.3 2 0
github.com/hbollon/go-edlib/v2/builder.go:175.2,186.20 2 22
github.com/hbollon/go-edlib/v2/builder.go:186.20,198.3 1 1
github.com/hbollon/go-edlib/v2/builder.go:200.2,200.20 1 22
github.com/hbollon/go-edlib/v2/builder.go:204.56,206.16 2 10
github.com/hbollon/go-edlib/v2/builder.go:206.16,208.3 1 0
github.com/hbollon/go-edlib/v2/builder.go:209.2,209.29 1 10
github.com/hbollon/go-edlib/v2/builder.go:213.62,215.16 2 5
github.com/hbollon/go-edlib/v2/builder.go:215.16,217.3 1 0
github.com/hbollon/go-edlib/v2/builder.go:218.2,218.31 1 5
github.com/hbollon/go-edlib/v2/builder.go:222.73,223.18 1 1
github.com/hbollon/go-edlib/v2/builder.go:223.18,225.3 1 0
github.com/hbollon/go-edlib/v2/builder.go:227.2,227.44 1 1
github.com/hbollon/go-edlib/v2/builder.go:227.44,229.3 1 0
github.com/hbollon/go-edlib/v2/builder.go:231.2,233.41 2 1
github.com/hbollon/go-edlib/v2/builder.go:233.41,236.3 1 0
github.com/hbollon/go-edlib/v2/builder.go:239.2,239.29 1 1
github.com/hbollon/go-edlib/v2/builder.go:239.29,241.17 2 3
github.com/hbollon/go-edlib/v2/builder.go:241.17,243.4 1 0
github.com/hbollon/go-edlib/v2/builder.go:243.9,245.4 1 3
github.com/hbollon/go-edlib/v2/builder.go:248.2,248.21 1 1
github.com/hbollon/go-edlib/v2/builder.go:252.81,255.2 1 0
github.com/hbollon/go-edlib/v2/builder.go:258.36,260.2 1 0
github.com/hbollon/go-edlib/v2/builder_search.go:16.81,19.2 2 3
github.com/hbollon/go-edlib/v2/builder_search.go:22.73,25.2 2 1
github.com/hbollon/go-edlib/v2/builder_search.go:28.64,31.2 2 0
github.com/hbollon/go-edlib/v2/builder_search.go:34.81,37.2 2 0
github.com/hbollon/go-edlib/v2/builder_search.go:40.66,44.2 3 0
github.com/hbollon/go-edlib/v2/builder_search.go:47.74,50.2 2 0
github.com/hbollon/go-edlib/v2/builder_search.go:53.90,56.2 2 1
github.com/hbollon/go-edlib/v2/builder_search.go:59.90,62.2 2 1
github.com/hbollon/go-edlib/v2/builder_search.go:65.98,69.2 3 1
github.com/hbollon/go-edlib/v2/builder_search.go:72.119,76.2 3 0
github.com/hbollon/go-edlib/v2/builder_search.go:79.55,91.2 2 3
github.com/hbollon/go-edlib/v2/builder_specialized.go:11.54,14.2 2 0
github.com/hbollon/go-edlib/v2/builder_specialized.go:22.45,25.2 2 0
github.com/hbollon/go-edlib/v2/builder_specialized.go:28.52,31.2 2 0
github.com/hbollon/go-edlib/v2/builder_specialized.go:34.47,37.2 2 0
github.com/hbollon/go-edlib/v2/builder_specialized.go:45.64,48.2 2 10
github.com/hbollon/go-edlib/v2/builder_specialized.go:51.61,54.2 2 0
github.com/hbollon/go-edlib/v2/builder_specialized.go:57.68,60.2 2 3
github.com/hbollon/go-edlib/v2/builder_specialized.go:63.63,66.2 2 2
github.com/hbollon/go-edlib/v2/config.go:60.30,78.2 1 39
github.com/hbollon/go-edlib/v2/config.go:81.35,82.44 1 24
github.com/hbollon/go-edlib/v2/config.go:82.44,84.3 1 0
github.com/hbollon/go-edlib/v2/config.go:86.2,86.19 1 24
github.com/hbollon/go-edlib/v2/config.go:86.19,88.3 1 0
github.com/hbollon/go-edlib/v2/config.go:90.2,90.21 1 24
github.com/hbollon/go-edlib/v2/config.go:90.21,92.3 1 0
github.com/hbollon/go-edlib/v2/config.go:94.2,94.23 1 24
github.com/hbollon/go-edlib/v2/config.go:94.23,96.3 1 0
github.com/hbollon/go-edlib/v2/config.go:98.2,98.45 1 24
github.com/hbollon/go-edlib/v2/config.go:98.45,100.3 1 0
github.com/hbollon/go-edlib/v2/config.go:102.2,102.12 1 24
github.com/hbollon/go-edlib/v2/config.go:106.34,110.29 2 0
github.com/hbollon/go-edlib/v2/config.go:110.29,112.38 2 0
github.com/hbollon/go-edlib/v2/config.go:112.38,114.26 2 0
github.com/hbollon/go-edlib/v2/config.go:114.26,116.5 1 0
github.com/hbollon/go-edlib/v2/config.go:120.2,120.15 1 0
github.com/hbollon/go-edlib/v2/config.go:124.70,125.22 1 23
github.com/hbollon/go-edlib/v2/config.go:125.22,127.3 1 0
github.com/hbollon/go-edlib/v2/config.go:129.2,129.19 1 23
github.com/hbollon/go-edlib/v2/config.go:129.19,131.3 1 0
github.com/hbollon/go-edlib/v2/config.go:133.2,133.27 1 23
github.com/hbollon/go-edlib/v2/config.go:133.28,133.29 0 23
github.com/hbollon/go-edlib/v2/config.go:137.64,140.21 2 23
github.com/hbollon/go-edlib/v2/config.go:140.21,142.3 1 1
github.com/hbollon/go-edlib/v2/config.go:144.2,144.22 1 23
github.com/hbollon/go-edlib/v2/config.go:144.22,146.3 1 1
github.com/hbollon/go-edlib/v2/config.go:148.2,148.147 1 23
github.com/hbollon/go-edlib/v2/config.go:148.147,150.3 1 0
github.com/hbollon/go-edlib/v2/config.go:152.2,152.21 1 23
github.com/hbollon/go-edlib/v2/config.go:152.21,154.3 1 23
github.com/hbollon/go-edlib/v2/config.go:156.2,156.24 1 23
github.com/hbollon/go-edlib/v2/config.go:156.24,158.3 1 0
github.com/hbollon/go-edlib/v2/config.go:160.2,160.23 1 23
github.com/hbollon/go-edlib/v2/config.go:160.23,162.3 1 0
github.com/hbollon/go-edlib/v2/config.go:164.2,164.21 1 23
github.com/hbollon/go-edlib/v2/config.go:164.21,166.3 1 1
github.com/hbollon/go-edlib/v2/config.go:168.2,168.13 1 23
github.com/hbollon/go-edlib/v2/errors.go:49.45,50.22 1 0
github.com/hbollon/go-edlib/v2/errors.go:50.22,52.3 1 0
github.com/hbollon/go-edlib/v2/errors.go:53.2,53.83 1 0
github.com/hbollon/go-edlib/v2/errors.go:56.45,58.2 1 0
github.com/hbollon/go-edlib/v2/errors.go:61.82,68.2 1 0
github.com/hbollon/go-edlib/v2/errors.go:78.41,79.22 1 0
github.com/hbollon/go-edlib/v2/errors.go:79.22,81.3 1 0
github.com/hbollon/go-edlib/v2/errors.go:82.2,82.87 1 0
github.com/hbollon/go-edlib/v2/errors.go:85.41,87.2 1 0
github.com/hbollon/go-edlib/v2/errors.go:90.82,97.2 1 0
github.com/hbollon/go-edlib/v2/types.go:107.39,115.2 1 39
github.com/hbollon/go-edlib/v2/types.go:118.39,119.21 1 24
github.com/hbollon/go-edlib/v2/types.go:119.21,121.3 1 0
github.com/hbollon/go-edlib/v2/types.go:122.2,122.20 1 24
github.com/hbollon/go-edlib/v2/types.go:122.20,124.3 1 0
github.com/hbollon/go-edlib/v2/types.go:125.2,125.24 1 24
github.com/hbollon/go-edlib/v2/types.go:125.24,127.3 1 0
github.com/hbollon/go-edlib/v2/types.go:128.2,128.25 1 24
github.com/hbollon/go-edlib/v2/types.go:128.25,130.3 1 0
github.com/hbollon/go-edlib/v2/types.go:131.2,131.12 1 24
github.com/hbollon/go-edlib/v2/internal/impl/similarity/cosine/cosine.go:26.62,34.27 2 6
github.com/hbollon/go-edlib/v2/internal/impl/similarity/cosine/cosine.go:34.27,35.32 1 0
github.com/hbollon/go-edlib/v2/internal/impl/similarity/cosine/cosine.go:35.32,37.4 1 0
github.com/hbollon/go-edlib/v2/internal/impl/similarity/cosine/cosine.go:40.2,40.15 1 6
github.com/hbollon/go-edlib/v2/internal/impl/similarity/cosine/cosine.go:44.50,47.2 2 3
github.com/hbollon/go-edlib/v2/internal/impl/similarity/cosine/cosine.go:50.91,51.9 1 0
github.com/hbollon/go-edlib/v2/internal/impl/similarity/cosine/cosine.go:52.20,53.22 1 0
github.com/hbollon/go-edlib/v2/internal/impl/similarity/cosine/cosine.go:54.10,54.10 0 0
github.com/hbollon/go-edlib/v2/internal/impl/similarity/cosine/cosine.go:57.2,59.9 2 0
github.com/hbollon/go-edlib/v2/internal/impl/similarity/cosine/cosine.go:60.20,61.22 1 0
github.com/hbollon/go-edlib/v2/internal/impl/similarity/cosine/cosine.go:62.10,63.19 1 0
github.com/hbollon/go-edlib/v2/internal/impl/similarity/cosine/cosine.go:68.56,69.26 1 24
github.com/hbollon/go-edlib/v2/internal/impl/similarity/cosine/cosine.go:69.26,71.3 1 4
github.com/hbollon/go-edlib/v2/internal/impl/similarity/cosine/cosine.go:73.2,73.23 1 20
github.com/hbollon/go-edlib/v2/internal/impl/similarity/cosine/cosine.go:73.23,76.3 2 3
github.com/hbollon/go-edlib/v2/internal/impl/similarity/cosine/cosine.go:79.2,80.20 2 20
github.com/hbollon/go-edlib/v2/internal/impl/similarity/cosine/cosine.go:80.20,83.3 2 3
github.com/hbollon/go-edlib/v2/internal/impl/similarity/cosine/cosine.go:83.8,86.3 2 17
github.com/hbollon/go-edlib/v2/internal/impl/similarity/cosine/cosine.go:88.2,88.44 1 20
github.com/hbollon/go-edlib/v2/internal/impl/similarity/cosine/cosine.go:88.44,90.3 1 0
github.com/hbollon/go-edlib/v2/internal/impl/similarity/cosine/cosine.go:93.2,97.39 3 20
github.com/hbollon/go-edlib/v2/internal/impl/similarity/cosine/cosine.go:101.56,103.30 2 34
github.com/hbollon/go-edlib/v2/internal/impl/similarity/cosine/cosine.go:103.30,105.3 1 0
github.com/hbollon/go-edlib/v2/internal/impl/similarity/cosine/cosine.go:107.2,108.47 2 34
github.com/hbollon/go-edlib/v2/internal/impl/similarity/cosine/cosine.go:108.47,110.3 1 124
github.com/hbollon/go-edlib/v2/internal/impl/similarity/cosine/cosine.go:112.2,112.15 1 34
github.com/hbollon/go-edlib/v2/internal/impl/similarity/cosine/cosine.go:116.66,118.31 2 40
github.com/hbollon/go-edlib/v2/internal/impl/similarity/cosine/cosine.go:118.31,120.3 1 146
github.com/hbollon/go-edlib/v2/internal/impl/similarity/cosine/cosine.go:121.2,121.12 1 40
github.com/hbollon/go-edlib/v2/internal/impl/similarity/cosine/cosine.go:125.74,128.22 2 20
github.com/hbollon/go-edlib/v2/internal/impl/similarity/cosine/cosine.go:128.22,130.3 1 70
github.com/hbollon/go-edlib/v2/internal/impl/similarity/cosine/cosine.go:131.2,131.22 1 20
github.com/hbollon/go-edlib/v2/internal/impl/similarity/cosine/cosine.go:131.22,133.3 1 74
github.com/hbollon/go-edlib/v2/internal/impl/similarity/cosine/cosine.go:136.2,139.27 3 20
github.com/hbollon/go-edlib/v2/internal/impl/similarity/cosine/cosine.go:139.27,146.3 5 101
github.com/hbollon/go-edlib/v2/internal/impl/similarity/cosine/cosine.go:149.2,150.20 2 20
github.com/hbollon/go-edlib/v2/internal/impl/similarity/cosine/cosine.go:150.20,152.3 1 0
github.com/hbollon/go-edlib/v2/internal/impl/similarity/cosine/cosine.go:154.2,154.31 1 20
github.com/hbollon/go-edlib/v2/internal/impl/similarity/cosine/cosine.go:158.97,159.9 1 3
github.com/hbollon/go-edlib/v2/internal/impl/similarity/cosine/cosine.go:160.20,161.22 1 2
github.com/hbollon/go-edlib/v2/internal/impl/similarity/cosine/cosine.go:162.10,162.10 0 1
github.com/hbollon/go-edlib/v2/internal/impl/similarity/cosine/cosine.go:165.2,167.9 2 1
github.com/hbollon/go-edlib/v2/internal/impl/similarity/cosine/cosine.go:168.20,169.22 1 0
github.com/hbollon/go-edlib/v2/internal/impl/similarity/cosine/cosine.go:170.10,171.18 1 1
github.com/hbollon/go-edlib/v2/internal/impl/similarity/cosine/cosine.go:176.53,178.2 1 1
github.com/hbollon/go-edlib/v2/internal/impl/similarity/cosine/cosine.go:181.36,183.2 1 1
github.com/hbollon/go-edlib/v2/internal/impl/similarity/cosine/cosine.go:186.66,188.2 1 1
github.com/hbollon/go-edlib/v2/internal/impl/similarity/cosine/cosine.go:191.80,193.2 1 0
github.com/hbollon/go-edlib/v2/internal/impl/similarity/cosine/cosine.go:196.85,198.2 1 0
github.com/hbollon/go-edlib/v2/internal/impl/similarity/cosine/cosine.go:201.82,203.2 1 0
github.com/hbollon/go-edlib/v2/internal/impl/similarity/cosine/cosine.go:206.76,208.2 1 0
github.com/hbollon/go-edlib/v2/internal/impl/similarity/cosine/factory.go:12.92,14.2 1 0
github.com/hbollon/go-edlib/v2/internal/impl/similarity/cosine/factory.go:17.52,19.2 1 1
github.com/hbollon/go-edlib/v2/internal/impl/similarity/cosine/factory.go:22.63,24.2 1 0
github.com/hbollon/go-edlib/v2/internal/impl/similarity/cosine/factory.go:30.13,31.50 1 1
github.com/hbollon/go-edlib/v2/internal/impl/similarity/cosine/factory.go:31.50,32.13 1 0
github.com/hbollon/go-edlib/v2/internal/impl/edit_distance/levenshtein/factory.go:12.92,14.2 1 0
github.com/hbollon/go-edlib/v2/internal/impl/edit_distance/levenshtein/factory.go:17.52,19.2 1 1
github.com/hbollon/go-edlib/v2/internal/impl/edit_distance/levenshtein/factory.go:22.63,24.2 1 0
github.com/hbollon/go-edlib/v2/internal/impl/edit_distance/levenshtein/factory.go:30.13,31.50 1 1
github.com/hbollon/go-edlib/v2/internal/impl/edit_distance/levenshtein/factory.go:31.50,32.13 1 0
github.com/hbollon/go-edlib/v2/internal/impl/edit_distance/levenshtein/levenshtein.go:33.62,50.27 2 6
github.com/hbollon/go-edlib/v2/internal/impl/edit_distance/levenshtein/levenshtein.go:50.27,51.32 1 0
github.com/hbollon/go-edlib/v2/internal/impl/edit_distance/levenshtein/levenshtein.go:51.32,53.4 1 0
github.com/hbollon/go-edlib/v2/internal/impl/edit_distance/levenshtein/levenshtein.go:56.2,56.15 1 6
github.com/hbollon/go-edlib/v2/internal/impl/edit_distance/levenshtein/levenshtein.go:60.50,62.23 1 30
github.com/hbollon/go-edlib/v2/internal/impl/edit_distance/levenshtein/levenshtein.go:62.23,65.3 2 4
github.com/hbollon/go-edlib/v2/internal/impl/edit_distance/levenshtein/levenshtein.go:68.2,71.18 2 30
github.com/hbollon/go-edlib/v2/internal/impl/edit_distance/levenshtein/levenshtein.go:71.18,73.3 1 3
github.com/hbollon/go-edlib/v2/internal/impl/edit_distance/levenshtein/levenshtein.go:74.2,74.18 1 27
github.com/hbollon/go-edlib/v2/internal/impl/edit_distance/levenshtein/levenshtein.go:74.18,76.3 1 2
github.com/hbollon/go-edlib/v2/internal/impl/edit_distance/levenshtein/levenshtein.go:77.2,77.25 1 25
github.com/hbollon/go-edlib/v2/internal/impl/edit_distance/levenshtein/levenshtein.go:77.25,79.3 1 4
github.com/hbollon/go-edlib/v2/internal/impl/edit_distance/levenshtein/levenshtein.go:82.2,82.36 1 21
github.com/hbollon/go-edlib/v2/internal/impl/edit_distance/levenshtein/levenshtein.go:86.91,88.9 1 3
github.com/hbollon/go-edlib/v2/internal/impl/edit_distance/levenshtein/levenshtein.go:89.20,90.22 1 2
github.com/hbollon/go-edlib/v2/internal/impl/edit_distance/levenshtein/levenshtein.go:91.10,91.10 0 1
github.com/hbollon/go-edlib/v2/internal/impl/edit_distance/levenshtein/levenshtein.go:96.2,98.9 2 1
github.com/hbollon/go-edlib/v2/internal/impl/edit_distance/levenshtein/levenshtein.go:99.20,100.22 1 0
github.com/hbollon/go-edlib/v2/internal/impl/edit_distance/levenshtein/levenshtein.go:101.10,102.19 1 1
github.com/hbollon/go-edlib/v2/internal/impl/edit_distance/levenshtein/levenshtein.go:108.59,111.23 2 21
github.com/hbollon/go-edlib/v2/internal/impl/edit_distance/levenshtein/levenshtein.go:111.23,114.3 2 1
github.com/hbollon/go-edlib/v2/internal/impl/edit_distance/levenshtein/levenshtein.go:117.2,119.13 3 21
github.com/hbollon/go-edlib/v2/internal/impl/edit_distance/levenshtein/levenshtein.go:119.13,121.3 1 1
github.com/hbollon/go-edlib/v2/internal/impl/edit_distance/levenshtein/levenshtein.go:124.2,125.19 2 21
github.com/hbollon/go-edlib/v2/internal/impl/edit_distance/levenshtein/levenshtein.go:125.19,128.16 3 3
github.com/hbollon/go-edlib/v2/internal/impl/edit_distance/levenshtein/levenshtein.go:128.16,131.4 2 3
github.com/hbollon/go-edlib/v2/internal/impl/edit_distance/levenshtein/levenshtein.go:132.3,132.23 1 3
github.com/hbollon/go-edlib/v2/internal/impl/edit_distance/levenshtein/levenshtein.go:132.23,134.4 1 0
github.com/hbollon/go-edlib/v2/internal/impl/edit_distance/levenshtein/levenshtein.go:135.8,138.23 3 18
github.com/hbollon/go-edlib/v2/internal/impl/edit_distance/levenshtein/levenshtein.go:138.23,140.4 1 0
github.com/hbollon/go-edlib/v2/internal/impl/edit_distance/levenshtein/levenshtein.go:144.2,144.32 1 21
github.com/hbollon/go-edlib/v2/internal/impl/edit_distance/levenshtein/levenshtein.go:144.32,146.3 1 111
github.com/hbollon/go-edlib/v2/internal/impl/edit_distance/levenshtein/levenshtein.go:149.2,149.32 1 21
github.com/hbollon/go-edlib/v2/internal/impl/edit_distance/levenshtein/levenshtein.go:149.32,154.33 3 103
github.com/hbollon/go-edlib/v2/internal/impl/edit_distance/levenshtein/levenshtein.go:154.33,163.29 3 538
github.com/hbollon/go-edlib/v2/internal/impl/edit_distance/levenshtein/levenshtein.go:163.29,165.5 1 157
github.com/hbollon/go-edlib/v2/internal/impl/edit_distance/levenshtein/levenshtein.go:169.3,169.79 1 103
github.com/hbollon/go-edlib/v2/internal/impl/edit_distance/levenshtein/levenshtein.go:169.79,170.24 1 1
github.com/hbollon/go-edlib/v2/internal/impl/edit_distance/levenshtein/levenshtein.go:170.24,172.5 1 0
github.com/hbollon/go-edlib/v2/internal/impl/edit_distance/levenshtein/levenshtein.go:173.4,173.56 1 1
github.com/hbollon/go-edlib/v2/internal/impl/edit_distance/levenshtein/levenshtein.go:177.3,177.38 1 102
github.com/hbollon/go-edlib/v2/internal/impl/edit_distance/levenshtein/levenshtein.go:180.2,180.25 1 20
github.com/hbollon/go-edlib/v2/internal/impl/edit_distance/levenshtein/levenshtein.go:184.47,185.14 1 538
github.com/hbollon/go-edlib/v2/internal/impl/edit_distance/levenshtein/levenshtein.go:185.14,187.3 1 84
github.com/hbollon/go-edlib/v2/internal/impl/edit_distance/levenshtein/levenshtein.go:190.2,190.25 1 454
github.com/hbollon/go-edlib/v2/internal/impl/edit_distance/levenshtein/levenshtein.go:190.25,191.44 1 0
github.com/hbollon/go-edlib/v2/internal/impl/edit_distance/levenshtein/levenshtein.go:191.44,192.33 1 0
github.com/hbollon/go-edlib/v2/internal/impl/edit_distance/levenshtein/levenshtein.go:192.33,194.5 1 0
github.com/hbollon/go-edlib/v2/internal/impl/edit_distance/levenshtein/levenshtein.go:198.2,198.31 1 454
github.com/hbollon/go-edlib/v2/internal/impl/edit_distance/levenshtein/levenshtein.go:202.74,203.51 1 5
github.com/hbollon/go-edlib/v2/internal/impl/edit_distance/levenshtein/levenshtein.go:203.51,205.3 1 1
github.com/hbollon/go-edlib/v2/internal/impl/edit_distance/levenshtein/levenshtein.go:207.2,207.21 1 4
github.com/hbollon/go-edlib/v2/internal/impl/edit_distance/levenshtein/levenshtein.go:207.21,211.3 3 0
github.com/hbollon/go-edlib/v2/internal/impl/edit_distance/levenshtein/levenshtein.go:213.2,213.14 1 4
github.com/hbollon/go-edlib/v2/internal/impl/edit_distance/levenshtein/levenshtein.go:217.85,220.2 2 1
github.com/hbollon/go-edlib/v2/internal/impl/edit_distance/levenshtein/levenshtein.go:223.56,227.18 3 5
github.com/hbollon/go-edlib/v2/internal/impl/edit_distance/levenshtein/levenshtein.go:227.18,229.3 1 1
github.com/hbollon/go-edlib/v2/internal/impl/edit_distance/levenshtein/levenshtein.go:231.2,232.49 2 4
github.com/hbollon/go-edlib/v2/internal/impl/edit_distance/levenshtein/levenshtein.go:236.97,238.16 2 0
github.com/hbollon/go-edlib/v2/internal/impl/edit_distance/levenshtein/levenshtein.go:238.16,240.3 1 0
github.com/hbollon/go-edlib/v2/internal/impl/edit_distance/levenshtein/levenshtein.go:242.2,243.18 2 0
github.com/hbollon/go-edlib/v2/internal/impl/edit_distance/levenshtein/levenshtein.go:243.18,245.3 1 0
github.com/hbollon/go-edlib/v2/internal/impl/edit_distance/levenshtein/levenshtein.go:247.2,248.54 2 0
github.com/hbollon/go-edlib/v2/internal/impl/edit_distance/levenshtein/levenshtein.go:252.53,255.17 2 10
github.com/hbollon/go-edlib/v2/internal/impl/edit_distance/levenshtein/levenshtein.go:255.17,257.3 1 1
github.com/hbollon/go-edlib/v2/internal/impl/edit_distance/levenshtein/levenshtein.go:258.2,258.66 1 9
github.com/hbollon/go-edlib/v2/internal/impl/edit_distance/levenshtein/levenshtein.go:262.36,264.2 1 1
github.com/hbollon/go-edlib/v2/internal/impl/edit_distance/levenshtein/levenshtein.go:267.66,269.2 1 1
github.com/hbollon/go-edlib/v2/internal/impl/edit_distance/levenshtein/levenshtein.go:273.80,276.2 2 0
github.com/hbollon/go-edlib/v2/internal/impl/edit_distance/levenshtein/levenshtein.go:278.85,281.2 2 1
github.com/hbollon/go-edlib/v2/internal/impl/edit_distance/levenshtein/levenshtein.go:283.82,286.2 2 0
github.com/hbollon/go-edlib/v2/internal/impl/edit_distance/levenshtein/levenshtein.go:288.76,291.2 2 0
github.com/hbollon/go-edlib/v2/internal/impl/edit_distance/levenshtein/levenshtein.go:295.65,298.2 2 0
github.com/hbollon/go-edlib/v2/internal/impl/edit_distance/levenshtein/levenshtein.go:301.60,303.33 2 0
github.com/hbollon/go-edlib/v2/internal/impl/edit_distance/levenshtein/levenshtein.go:303.33,305.3 1 0
github.com/hbollon/go-edlib/v2/internal/impl/edit_distance/levenshtein/levenshtein.go:306.2,306.12 1 0
github.com/hbollon/go-edlib/v2/internal/impl/edit_distance/levenshtein/levenshtein.go:310.65,313.2 2 0
